<?xml version="1.0" encoding="utf-8"?>
<TestRun id="1f932500-ff5b-4b7b-9940-5ddc0185ea02" name="JohnM@PLATO-SP9 2025-08-20 17:22:41" runUser="PLATO-SP9\JohnM" xmlns="http://microsoft.com/schemas/VisualStudio/TeamTest/2010">
  <Times creation="2025-08-20T17:22:41.3907574-07:00" queuing="2025-08-20T17:22:41.3907580-07:00" start="2025-08-20T17:22:37.9512922-07:00" finish="2025-08-20T17:22:41.4711858-07:00" />
  <TestSettings name="default" id="9a6c0880-208d-4fc0-b14e-7c0c1bbf9008">
    <Deployment runDeploymentRoot="JohnM_PLATO-SP9_2025-08-20_17_22_41" />
  </TestSettings>
  <Results>
    <UnitTestResult executionId="7b4cd3db-e88f-4b4e-8571-791df21cd0d1" testId="ea128576-7bfb-1597-a8a1-b60385c9e9d1" testName="Zeus.People.Domain.Tests.ValueObjects.AccessLevelTests.EqualityComparison_WithDifferentValue_ShouldNotBeEqual" computerName="PLATO-SP9" duration="00:00:00.0016260" startTime="2025-08-20T17:22:41.3756027-07:00" endTime="2025-08-20T17:22:41.3756029-07:00" testType="13cdc9d9-ddb5-4fa4-a97d-d965ccfc6d4b" outcome="Passed" testListId="8c84fa94-04c1-424b-9868-57a2d4851a1d" relativeResultsDirectory="7b4cd3db-e88f-4b4e-8571-791df21cd0d1" />
    <UnitTestResult executionId="a721428e-a65a-43f7-b9eb-b35c4d38511e" testId="8f459631-ffa4-284e-289a-717e832f7f12" testName="Zeus.People.Domain.Tests.Entities.DepartmentTests.ValidateUniqueEmpNameInDepartment_WithUniqueEmpName_ShouldNotThrow" computerName="PLATO-SP9" duration="00:00:00.0019810" startTime="2025-08-20T17:22:41.3800603-07:00" endTime="2025-08-20T17:22:41.3800605-07:00" testType="13cdc9d9-ddb5-4fa4-a97d-d965ccfc6d4b" outcome="Passed" testListId="8c84fa94-04c1-424b-9868-57a2d4851a1d" relativeResultsDirectory="a721428e-a65a-43f7-b9eb-b35c4d38511e" />
    <UnitTestResult executionId="2509c822-81cb-44a8-a1d6-55b454686c41" testId="3614f85f-9b7e-834c-f5a4-ecb52597104b" testName="Zeus.People.Domain.Tests.ValueObjects.AccessLevelTests.Create_WithInvalidAccessLevel_ShouldThrowArgumentException(invalidAccessLevel: &quot;LOCAL&quot;)" computerName="PLATO-SP9" duration="00:00:00.0009338" startTime="2025-08-20T17:22:41.3943000-07:00" endTime="2025-08-20T17:22:41.3943001-07:00" testType="13cdc9d9-ddb5-4fa4-a97d-d965ccfc6d4b" outcome="Passed" testListId="8c84fa94-04c1-424b-9868-57a2d4851a1d" relativeResultsDirectory="2509c822-81cb-44a8-a1d6-55b454686c41" />
    <UnitTestResult executionId="8e142b7f-686e-488a-81d3-c8743144e18b" testId="340e2c7a-ea37-692a-b191-b4d250bb1cda" testName="Zeus.People.Domain.Tests.ValueObjects.RankTests.Create_WithValidRank_ShouldSucceed(validRank: &quot;P&quot;)" computerName="PLATO-SP9" duration="00:00:00.0002540" startTime="2025-08-20T17:22:41.3991571-07:00" endTime="2025-08-20T17:22:41.3991573-07:00" testType="13cdc9d9-ddb5-4fa4-a97d-d965ccfc6d4b" outcome="Passed" testListId="8c84fa94-04c1-424b-9868-57a2d4851a1d" relativeResultsDirectory="8e142b7f-686e-488a-81d3-c8743144e18b" />
    <UnitTestResult executionId="27dc67a8-eb2e-40a8-8849-2abe8f6b9f72" testId="b1201b86-f446-704b-b33e-ceeba90bea23" testName="Zeus.People.Domain.Tests.ValueObjects.RatingTests.Create_WithValidRating_ShouldSucceed(validRating: 1)" computerName="PLATO-SP9" duration="00:00:00.0002985" startTime="2025-08-20T17:22:41.4019842-07:00" endTime="2025-08-20T17:22:41.4019843-07:00" testType="13cdc9d9-ddb5-4fa4-a97d-d965ccfc6d4b" outcome="Passed" testListId="8c84fa94-04c1-424b-9868-57a2d4851a1d" relativeResultsDirectory="27dc67a8-eb2e-40a8-8849-2abe8f6b9f72" />
    <UnitTestResult executionId="c8a491e2-1ccf-4995-88ca-8193a17f2913" testId="d08d5e98-2c99-a746-a80a-b05610f3076c" testName="Zeus.People.Domain.Tests.ValueObjects.RankTests.Create_WithInvalidRank_ShouldThrowArgumentException(invalidRank: &quot;Professor&quot;)" computerName="PLATO-SP9" duration="00:00:00.0005704" startTime="2025-08-20T17:22:41.3941304-07:00" endTime="2025-08-20T17:22:41.3941305-07:00" testType="13cdc9d9-ddb5-4fa4-a97d-d965ccfc6d4b" outcome="Passed" testListId="8c84fa94-04c1-424b-9868-57a2d4851a1d" relativeResultsDirectory="c8a491e2-1ccf-4995-88ca-8193a17f2913" />
    <UnitTestResult executionId="7a31c3b1-f811-452c-bf30-8685ef4d2dbd" testId="b607af8d-03e8-83a1-bebf-1b48e7091b35" testName="Zeus.People.Domain.Tests.ValueObjects.RankTests.Create_WithValidRank_ShouldSucceed(validRank: &quot;SL&quot;)" computerName="PLATO-SP9" duration="00:00:00.0003810" startTime="2025-08-20T17:22:41.3982012-07:00" endTime="2025-08-20T17:22:41.3982013-07:00" testType="13cdc9d9-ddb5-4fa4-a97d-d965ccfc6d4b" outcome="Passed" testListId="8c84fa94-04c1-424b-9868-57a2d4851a1d" relativeResultsDirectory="7a31c3b1-f811-452c-bf30-8685ef4d2dbd" />
    <UnitTestResult executionId="e7536d88-9f48-4883-8364-c05fcc04839d" testId="7310bbc1-f9f9-0c57-0787-8c35580252ef" testName="Zeus.People.Domain.Tests.ValueObjects.RatingTests.Create_WithInvalidRating_ShouldThrowArgumentException(invalidRating: -1)" computerName="PLATO-SP9" duration="00:00:00.5465691" startTime="2025-08-20T17:22:41.3810995-07:00" endTime="2025-08-20T17:22:41.3810997-07:00" testType="13cdc9d9-ddb5-4fa4-a97d-d965ccfc6d4b" outcome="Passed" testListId="8c84fa94-04c1-424b-9868-57a2d4851a1d" relativeResultsDirectory="e7536d88-9f48-4883-8364-c05fcc04839d" />
    <UnitTestResult executionId="0b25dd0b-a2ba-42ed-abf2-a50af581dbcd" testId="a7478dd1-a928-af21-313d-e524ad1b73b1" testName="Zeus.People.Domain.Tests.Entities.DepartmentTests.AddAcademic_WithDuplicateAcademicId_ShouldNotAddDuplicate" computerName="PLATO-SP9" duration="00:00:00.0005971" startTime="2025-08-20T17:22:41.3807558-07:00" endTime="2025-08-20T17:22:41.3807558-07:00" testType="13cdc9d9-ddb5-4fa4-a97d-d965ccfc6d4b" outcome="Passed" testListId="8c84fa94-04c1-424b-9868-57a2d4851a1d" relativeResultsDirectory="0b25dd0b-a2ba-42ed-abf2-a50af581dbcd" />
    <UnitTestResult executionId="871eada7-3127-448d-af29-3cc4153b74ad" testId="41c98b4d-0c4b-86f9-50d7-b4a7a7990b0d" testName="Zeus.People.Domain.Tests.Entities.AggregateRootTests.Constructor_ShouldSetIdAndTimestamps" computerName="PLATO-SP9" duration="00:00:00.0067084" startTime="2025-08-20T17:22:41.3529890-07:00" endTime="2025-08-20T17:22:41.3529894-07:00" testType="13cdc9d9-ddb5-4fa4-a97d-d965ccfc6d4b" outcome="Passed" testListId="8c84fa94-04c1-424b-9868-57a2d4851a1d" relativeResultsDirectory="871eada7-3127-448d-af29-3cc4153b74ad" />
    <UnitTestResult executionId="93ffa57d-92e4-4fbe-99b3-f5c9f3d2fbe6" testId="30ee323d-89a0-a445-3e29-ac6fca25271f" testName="Zeus.People.Domain.Tests.ValueObjects.MoneyAmtTests.Create_WithValidAmount_ShouldSucceed(validAmount: 100.5)" computerName="PLATO-SP9" duration="00:00:00.0008035" startTime="2025-08-20T17:22:41.3566059-07:00" endTime="2025-08-20T17:22:41.3566061-07:00" testType="13cdc9d9-ddb5-4fa4-a97d-d965ccfc6d4b" outcome="Passed" testListId="8c84fa94-04c1-424b-9868-57a2d4851a1d" relativeResultsDirectory="93ffa57d-92e4-4fbe-99b3-f5c9f3d2fbe6" />
    <UnitTestResult executionId="c5f3b396-44b7-4762-bbdf-0b64484b99a3" testId="f9134ca0-bb57-5ec2-ed49-616214b124e9" testName="Zeus.People.Domain.Tests.ValueObjects.AccessLevelTests.Create_WithInvalidAccessLevel_ShouldThrowArgumentException(invalidAccessLevel: &quot;&quot;)" computerName="PLATO-SP9" duration="00:00:00.0124443" startTime="2025-08-20T17:22:41.3811384-07:00" endTime="2025-08-20T17:22:41.3811385-07:00" testType="13cdc9d9-ddb5-4fa4-a97d-d965ccfc6d4b" outcome="Passed" testListId="8c84fa94-04c1-424b-9868-57a2d4851a1d" relativeResultsDirectory="c5f3b396-44b7-4762-bbdf-0b64484b99a3" />
    <UnitTestResult executionId="2ae2e7b7-bd64-4ff2-9761-4ad28c07f2a1" testId="ce4d8d4b-28f4-68f4-f698-a62efbc00f27" testName="Zeus.People.Domain.Tests.Entities.AcademicTests.Create_WithNullParameters_ShouldThrowArgumentNullException" computerName="PLATO-SP9" duration="00:00:00.0156240" startTime="2025-08-20T17:22:41.4020717-07:00" endTime="2025-08-20T17:22:41.4020718-07:00" testType="13cdc9d9-ddb5-4fa4-a97d-d965ccfc6d4b" outcome="Passed" testListId="8c84fa94-04c1-424b-9868-57a2d4851a1d" relativeResultsDirectory="2ae2e7b7-bd64-4ff2-9761-4ad28c07f2a1" />
    <UnitTestResult executionId="85dd9642-98df-47b9-9bb1-cef6ff487846" testId="415f21a6-3d19-b8dd-b847-c160a0569f70" testName="Zeus.People.Domain.Tests.Entities.DepartmentTests.Create_WithNullName_ShouldThrowArgumentException" computerName="PLATO-SP9" duration="00:00:00.0005715" startTime="2025-08-20T17:22:41.4066489-07:00" endTime="2025-08-20T17:22:41.4066490-07:00" testType="13cdc9d9-ddb5-4fa4-a97d-d965ccfc6d4b" outcome="Passed" testListId="8c84fa94-04c1-424b-9868-57a2d4851a1d" relativeResultsDirectory="85dd9642-98df-47b9-9bb1-cef6ff487846" />
    <UnitTestResult executionId="062a92ce-9895-47d2-a3ea-56e2696b7151" testId="1369b237-c6b0-2797-8705-97dd3c478406" testName="Zeus.People.Domain.Tests.Entities.AcademicTests.MakeTenured_WhenNotTenuredAndNoContractEndDate_ShouldSucceedAndRaiseEvent" computerName="PLATO-SP9" duration="00:00:00.0007302" startTime="2025-08-20T17:22:41.3807083-07:00" endTime="2025-08-20T17:22:41.3807084-07:00" testType="13cdc9d9-ddb5-4fa4-a97d-d965ccfc6d4b" outcome="Passed" testListId="8c84fa94-04c1-424b-9868-57a2d4851a1d" relativeResultsDirectory="062a92ce-9895-47d2-a3ea-56e2696b7151" />
    <UnitTestResult executionId="a903ec7a-00c4-426f-8def-b0756d2559e3" testId="88c50cae-daac-9d11-77f2-aaa353dc2129" testName="Zeus.People.Domain.Tests.ValueObjects.MoneyAmtTests.Division_ShouldWorkCorrectly" computerName="PLATO-SP9" duration="00:00:00.0004929" startTime="2025-08-20T17:22:41.4032139-07:00" endTime="2025-08-20T17:22:41.4032140-07:00" testType="13cdc9d9-ddb5-4fa4-a97d-d965ccfc6d4b" outcome="Passed" testListId="8c84fa94-04c1-424b-9868-57a2d4851a1d" relativeResultsDirectory="a903ec7a-00c4-426f-8def-b0756d2559e3" />
    <UnitTestResult executionId="4c3dfee3-a209-4a58-8b65-aea760399936" testId="3a80f702-836d-4b63-e0f5-205043f0909e" testName="Zeus.People.Domain.Tests.Entities.AcademicTests.AssignChair_WhenIsProfessor_ShouldSucceed" computerName="PLATO-SP9" duration="00:00:00.0003258" startTime="2025-08-20T17:22:41.4056762-07:00" endTime="2025-08-20T17:22:41.4056763-07:00" testType="13cdc9d9-ddb5-4fa4-a97d-d965ccfc6d4b" outcome="Passed" testListId="8c84fa94-04c1-424b-9868-57a2d4851a1d" relativeResultsDirectory="4c3dfee3-a209-4a58-8b65-aea760399936" />
    <UnitTestResult executionId="24371118-e8c1-47a2-a5cd-e20d3678e3f5" testId="35f47f5e-c4c6-9609-97dc-234effabf397" testName="Zeus.People.Domain.Tests.ValueObjects.MoneyAmtTests.EqualityComparison_WithDifferentValue_ShouldNotBeEqual" computerName="PLATO-SP9" duration="00:00:00.0102885" startTime="2025-08-20T17:22:41.3974076-07:00" endTime="2025-08-20T17:22:41.3974076-07:00" testType="13cdc9d9-ddb5-4fa4-a97d-d965ccfc6d4b" outcome="Passed" testListId="8c84fa94-04c1-424b-9868-57a2d4851a1d" relativeResultsDirectory="24371118-e8c1-47a2-a5cd-e20d3678e3f5" />
    <UnitTestResult executionId="a4944dfa-87b6-414e-b265-2755fb77753e" testId="695f41fc-a01d-4174-bcfd-165369a44dad" testName="Zeus.People.Domain.Tests.ValueObjects.RatingTests.ToString_ShouldReturnStringValue" computerName="PLATO-SP9" duration="00:00:00.0002379" startTime="2025-08-20T17:22:41.4011093-07:00" endTime="2025-08-20T17:22:41.4011093-07:00" testType="13cdc9d9-ddb5-4fa4-a97d-d965ccfc6d4b" outcome="Passed" testListId="8c84fa94-04c1-424b-9868-57a2d4851a1d" relativeResultsDirectory="a4944dfa-87b6-414e-b265-2755fb77753e" />
    <UnitTestResult executionId="d79c45a3-6ddc-4a28-8923-47dc030fdba6" testId="da568a34-e659-0d95-b918-3ddee4fa164d" testName="Zeus.People.Domain.Tests.ValueObjects.AccessLevelTests.Create_WithInvalidAccessLevel_ShouldThrowArgumentException(invalidAccessLevel: &quot;INVALID&quot;)" computerName="PLATO-SP9" duration="00:00:00.0011703" startTime="2025-08-20T17:22:41.3831015-07:00" endTime="2025-08-20T17:22:41.3831017-07:00" testType="13cdc9d9-ddb5-4fa4-a97d-d965ccfc6d4b" outcome="Passed" testListId="8c84fa94-04c1-424b-9868-57a2d4851a1d" relativeResultsDirectory="d79c45a3-6ddc-4a28-8923-47dc030fdba6" />
    <UnitTestResult executionId="5b1d4742-664a-40e3-98cb-e2a4cd7e1696" testId="79be69f1-2532-14a0-9ca0-3da8aae7070b" testName="Zeus.People.Domain.Tests.ValueObjects.EmpNameTests.Create_WithTooLongName_ShouldThrowArgumentException" computerName="PLATO-SP9" duration="00:00:00.0011117" startTime="2025-08-20T17:22:41.4055717-07:00" endTime="2025-08-20T17:22:41.4055717-07:00" testType="13cdc9d9-ddb5-4fa4-a97d-d965ccfc6d4b" outcome="Passed" testListId="8c84fa94-04c1-424b-9868-57a2d4851a1d" relativeResultsDirectory="5b1d4742-664a-40e3-98cb-e2a4cd7e1696" />
    <UnitTestResult executionId="45f5d824-e901-4139-b195-57186ba0cf1e" testId="694c8839-9363-1c6d-5713-61ae57686524" testName="Zeus.People.Domain.Tests.ValueObjects.EmpNameTests.Create_WithInvalidName_ShouldThrowArgumentException(invalidName: &quot; &quot;)" computerName="PLATO-SP9" duration="00:00:00.0008939" startTime="2025-08-20T17:22:41.4030557-07:00" endTime="2025-08-20T17:22:41.4030558-07:00" testType="13cdc9d9-ddb5-4fa4-a97d-d965ccfc6d4b" outcome="Passed" testListId="8c84fa94-04c1-424b-9868-57a2d4851a1d" relativeResultsDirectory="45f5d824-e901-4139-b195-57186ba0cf1e" />
    <UnitTestResult executionId="c472b245-d5f1-4068-8853-cb88cfaf23c0" testId="b2d1c23d-b398-0515-0a38-14f8181c258b" testName="Zeus.People.Domain.Tests.Entities.AcademicTests.Create_WithValidParameters_ShouldSucceed" computerName="PLATO-SP9" duration="00:00:00.5344425" startTime="2025-08-20T17:22:41.3756649-07:00" endTime="2025-08-20T17:22:41.3756649-07:00" testType="13cdc9d9-ddb5-4fa4-a97d-d965ccfc6d4b" outcome="Passed" testListId="8c84fa94-04c1-424b-9868-57a2d4851a1d" relativeResultsDirectory="c472b245-d5f1-4068-8853-cb88cfaf23c0" />
    <UnitTestResult executionId="abd1d975-3199-4691-8b99-43b944120477" testId="3a871f9c-6f29-610d-0ec4-84b7dd054d41" testName="Zeus.People.Domain.Tests.ValueObjects.RankTests.GetEnsuredAccessLevel_ForLecturer_ShouldReturnLocal" computerName="PLATO-SP9" duration="00:00:00.0000947" startTime="2025-08-20T17:22:41.4029306-07:00" endTime="2025-08-20T17:22:41.4029307-07:00" testType="13cdc9d9-ddb5-4fa4-a97d-d965ccfc6d4b" outcome="Passed" testListId="8c84fa94-04c1-424b-9868-57a2d4851a1d" relativeResultsDirectory="abd1d975-3199-4691-8b99-43b944120477" />
    <UnitTestResult executionId="ba9f39a7-cd98-405b-bc5c-510faf75c36c" testId="535bb214-fbee-e535-2643-36703e257425" testName="Zeus.People.Domain.Tests.Entities.DepartmentTests.Create_WithInvalidName_ShouldThrowArgumentException(invalidName: &quot;&quot;)" computerName="PLATO-SP9" duration="00:00:00.5309429" startTime="2025-08-20T17:22:41.3724665-07:00" endTime="2025-08-20T17:22:41.3724666-07:00" testType="13cdc9d9-ddb5-4fa4-a97d-d965ccfc6d4b" outcome="Passed" testListId="8c84fa94-04c1-424b-9868-57a2d4851a1d" relativeResultsDirectory="ba9f39a7-cd98-405b-bc5c-510faf75c36c" />
    <UnitTestResult executionId="539382e7-9cbf-4d0f-9e7b-41bd8d80e470" testId="a5788031-4d75-6d59-1651-d122f4b52f8b" testName="Zeus.People.Domain.Tests.Entities.DepartmentTests.GetProfessorCount_ShouldReturnCorrectCount" computerName="PLATO-SP9" duration="00:00:00.0020305" startTime="2025-08-20T17:22:41.4054326-07:00" endTime="2025-08-20T17:22:41.4054327-07:00" testType="13cdc9d9-ddb5-4fa4-a97d-d965ccfc6d4b" outcome="Passed" testListId="8c84fa94-04c1-424b-9868-57a2d4851a1d" relativeResultsDirectory="539382e7-9cbf-4d0f-9e7b-41bd8d80e470" />
    <UnitTestResult executionId="34ecbe35-b549-431e-b042-d4556f86d37d" testId="a7eea704-e0bd-9e12-9b62-55cdecd41c8f" testName="Zeus.People.Domain.Tests.Entities.AggregateRootTests.ClearDomainEvents_ShouldRemoveAllEvents" computerName="PLATO-SP9" duration="00:00:00.0005624" startTime="2025-08-20T17:22:41.3536610-07:00" endTime="2025-08-20T17:22:41.3536612-07:00" testType="13cdc9d9-ddb5-4fa4-a97d-d965ccfc6d4b" outcome="Passed" testListId="8c84fa94-04c1-424b-9868-57a2d4851a1d" relativeResultsDirectory="34ecbe35-b549-431e-b042-d4556f86d37d" />
    <UnitTestResult executionId="10505eda-99dc-46f9-8776-263e03db4ba0" testId="84db13b6-f654-cba5-2d8f-321538fd62a0" testName="Zeus.People.Domain.Tests.ValueObjects.MoneyAmtTests.Create_WithNegativeAmount_ShouldThrowArgumentException(negativeAmount: -1)" computerName="PLATO-SP9" duration="00:00:00.0158059" startTime="2025-08-20T17:22:41.3811809-07:00" endTime="2025-08-20T17:22:41.3811810-07:00" testType="13cdc9d9-ddb5-4fa4-a97d-d965ccfc6d4b" outcome="Passed" testListId="8c84fa94-04c1-424b-9868-57a2d4851a1d" relativeResultsDirectory="10505eda-99dc-46f9-8776-263e03db4ba0" />
    <UnitTestResult executionId="b470c8f2-a1fc-4ffe-b6d9-b1de3923c7df" testId="7608668b-50b1-fa99-d281-e2a7f7a20f21" testName="Zeus.People.Domain.Tests.Services.AcademicDomainServiceTests.ValidateTeacherAuditRelationship_WithReverseRelationshipExists_ShouldThrowBusinessRuleViolationException" computerName="PLATO-SP9" duration="00:00:00.0016549" startTime="2025-08-20T17:22:41.4069475-07:00" endTime="2025-08-20T17:22:41.4069476-07:00" testType="13cdc9d9-ddb5-4fa4-a97d-d965ccfc6d4b" outcome="Passed" testListId="8c84fa94-04c1-424b-9868-57a2d4851a1d" relativeResultsDirectory="b470c8f2-a1fc-4ffe-b6d9-b1de3923c7df" />
    <UnitTestResult executionId="10964da5-80ad-497c-b9fc-93ff2be13034" testId="d19bdc94-447e-6046-bca5-9f62530dc5b1" testName="Zeus.People.Domain.Tests.Entities.AcademicTests.GetEnsuredAccessLevel_ShouldReturnCorrectAccessLevel" computerName="PLATO-SP9" duration="00:00:00.0006820" startTime="2025-08-20T17:22:41.4031652-07:00" endTime="2025-08-20T17:22:41.4031653-07:00" testType="13cdc9d9-ddb5-4fa4-a97d-d965ccfc6d4b" outcome="Passed" testListId="8c84fa94-04c1-424b-9868-57a2d4851a1d" relativeResultsDirectory="10964da5-80ad-497c-b9fc-93ff2be13034" />
    <UnitTestResult executionId="22f1dd21-a45f-4d6f-92c5-5ee735eb2c38" testId="3f51ea32-8d5e-9797-788d-e7467a77d9e2" testName="Zeus.People.Domain.Tests.ValueObjects.RatingTests.Create_WithInvalidRating_ShouldThrowArgumentException(invalidRating: 10)" computerName="PLATO-SP9" duration="00:00:00.0007764" startTime="2025-08-20T17:22:41.3942452-07:00" endTime="2025-08-20T17:22:41.3942452-07:00" testType="13cdc9d9-ddb5-4fa4-a97d-d965ccfc6d4b" outcome="Passed" testListId="8c84fa94-04c1-424b-9868-57a2d4851a1d" relativeResultsDirectory="22f1dd21-a45f-4d6f-92c5-5ee735eb2c38" />
    <UnitTestResult executionId="41e76db1-ea08-4384-81eb-757837a18e95" testId="610ac7cb-5ef3-e660-3388-f7c599de111f" testName="Zeus.People.Domain.Tests.ValueObjects.EmpNrTests.Create_WithInvalidEmployeeNumber_ShouldThrowException(invalidEmpNr: &quot;A1234&quot;)" computerName="PLATO-SP9" duration="00:00:00.0007138" startTime="2025-08-20T17:22:41.3941617-07:00" endTime="2025-08-20T17:22:41.3941618-07:00" testType="13cdc9d9-ddb5-4fa4-a97d-d965ccfc6d4b" outcome="Passed" testListId="8c84fa94-04c1-424b-9868-57a2d4851a1d" relativeResultsDirectory="41e76db1-ea08-4384-81eb-757837a18e95" />
    <UnitTestResult executionId="06bdfbc6-734f-4864-9aec-8835e1ea1e21" testId="0c32c737-ee1b-e59c-7331-ce1b1ad0fe58" testName="Zeus.People.Domain.Tests.ValueObjects.RatingTests.CreateMaximum_ShouldReturnRatingOfSeven" computerName="PLATO-SP9" duration="00:00:00.0001374" startTime="2025-08-20T17:22:41.3983187-07:00" endTime="2025-08-20T17:22:41.3983188-07:00" testType="13cdc9d9-ddb5-4fa4-a97d-d965ccfc6d4b" outcome="Passed" testListId="8c84fa94-04c1-424b-9868-57a2d4851a1d" relativeResultsDirectory="06bdfbc6-734f-4864-9aec-8835e1ea1e21" />
    <UnitTestResult executionId="2742c9ff-163a-4908-98e8-c93935786df3" testId="706cf29d-3c04-3380-6354-3e6c698f7805" testName="Zeus.People.Domain.Tests.ValueObjects.EmpNrTests.Create_WithInvalidEmployeeNumber_ShouldThrowException(invalidEmpNr: &quot;AB123&quot;)" computerName="PLATO-SP9" duration="00:00:00.5465407" startTime="2025-08-20T17:22:41.3812525-07:00" endTime="2025-08-20T17:22:41.3812526-07:00" testType="13cdc9d9-ddb5-4fa4-a97d-d965ccfc6d4b" outcome="Passed" testListId="8c84fa94-04c1-424b-9868-57a2d4851a1d" relativeResultsDirectory="2742c9ff-163a-4908-98e8-c93935786df3" />
    <UnitTestResult executionId="f289785f-82ac-46a1-82ed-cdac63f0ea30" testId="ef385d61-2e8e-a749-9387-d43b24022281" testName="Zeus.People.Domain.Tests.Entities.DepartmentTests.AddAcademic_WithValidAcademicId_ShouldAddToCollection" computerName="PLATO-SP9" duration="00:00:00.0003308" startTime="2025-08-20T17:22:41.4055172-07:00" endTime="2025-08-20T17:22:41.4055173-07:00" testType="13cdc9d9-ddb5-4fa4-a97d-d965ccfc6d4b" outcome="Passed" testListId="8c84fa94-04c1-424b-9868-57a2d4851a1d" relativeResultsDirectory="f289785f-82ac-46a1-82ed-cdac63f0ea30" />
    <UnitTestResult executionId="60aaeed1-b3c9-4911-a9ec-7450cfbccd59" testId="5be534b0-ecc6-e975-53c0-d6831032f058" testName="Zeus.People.Domain.Tests.ValueObjects.MoneyAmtTests.Create_WithValidAmount_ShouldSucceed(validAmount: 0.01)" computerName="PLATO-SP9" duration="00:00:00.0001797" startTime="2025-08-20T17:22:41.3572054-07:00" endTime="2025-08-20T17:22:41.3572055-07:00" testType="13cdc9d9-ddb5-4fa4-a97d-d965ccfc6d4b" outcome="Passed" testListId="8c84fa94-04c1-424b-9868-57a2d4851a1d" relativeResultsDirectory="60aaeed1-b3c9-4911-a9ec-7450cfbccd59" />
    <UnitTestResult executionId="cee6bfb2-3af8-4b48-a460-6ba2b571f987" testId="96ec85ea-c853-1102-9a13-8ce85be501ca" testName="Zeus.People.Domain.Tests.Services.AcademicDomainServiceTests.ValidateProfessorCanHeadDepartment_WithProfessorNotInDepartment_ShouldThrowBusinessRuleViolationException" computerName="PLATO-SP9" duration="00:00:00.0009593" startTime="2025-08-20T17:22:41.4086070-07:00" endTime="2025-08-20T17:22:41.4086072-07:00" testType="13cdc9d9-ddb5-4fa4-a97d-d965ccfc6d4b" outcome="Passed" testListId="8c84fa94-04c1-424b-9868-57a2d4851a1d" relativeResultsDirectory="cee6bfb2-3af8-4b48-a460-6ba2b571f987" />
    <UnitTestResult executionId="f457ad78-11ab-4a3c-9aee-ce934a8f33ad" testId="93669d7e-1f5d-a2ba-abc1-a1012b681d36" testName="Zeus.People.Domain.Tests.Entities.DepartmentTests.Create_WithInvalidName_ShouldThrowArgumentException(invalidName: &quot; &quot;)" computerName="PLATO-SP9" duration="00:00:00.0010039" startTime="2025-08-20T17:22:41.3755090-07:00" endTime="2025-08-20T17:22:41.3755099-07:00" testType="13cdc9d9-ddb5-4fa4-a97d-d965ccfc6d4b" outcome="Passed" testListId="8c84fa94-04c1-424b-9868-57a2d4851a1d" relativeResultsDirectory="f457ad78-11ab-4a3c-9aee-ce934a8f33ad" />
    <UnitTestResult executionId="1b9aa0d2-4e48-45e3-b796-d85191106a08" testId="29c61878-40d4-387d-703f-edcbe1a4fa78" testName="Zeus.People.Domain.Tests.ValueObjects.AccessLevelTests.Create_WithInvalidAccessLevel_ShouldThrowArgumentException(invalidAccessLevel: &quot; &quot;)" computerName="PLATO-SP9" duration="00:00:00.0005185" startTime="2025-08-20T17:22:41.3964470-07:00" endTime="2025-08-20T17:22:41.3964470-07:00" testType="13cdc9d9-ddb5-4fa4-a97d-d965ccfc6d4b" outcome="Passed" testListId="8c84fa94-04c1-424b-9868-57a2d4851a1d" relativeResultsDirectory="1b9aa0d2-4e48-45e3-b796-d85191106a08" />
    <UnitTestResult executionId="c2ba0073-b488-464c-bb80-a68e49eb3616" testId="b0bf0c34-6b38-14a8-ea05-8141673bb6fa" testName="Zeus.People.Domain.Tests.ValueObjects.EmpNameTests.Create_WithInvalidCharacters_ShouldThrowArgumentException(invalidName: &quot;Smith123&quot;)" computerName="PLATO-SP9" duration="00:00:00.5464646" startTime="2025-08-20T17:22:41.3812266-07:00" endTime="2025-08-20T17:22:41.3812267-07:00" testType="13cdc9d9-ddb5-4fa4-a97d-d965ccfc6d4b" outcome="Passed" testListId="8c84fa94-04c1-424b-9868-57a2d4851a1d" relativeResultsDirectory="c2ba0073-b488-464c-bb80-a68e49eb3616" />
    <UnitTestResult executionId="85b92b16-5204-410b-90fd-1f49502814c9" testId="35f75bfe-2596-4c4d-2db4-5f426bf2bca6" testName="Zeus.People.Domain.Tests.ValueObjects.EmpNrTests.Create_WithInvalidEmployeeNumber_ShouldThrowException(invalidEmpNr: &quot;ab1234&quot;)" computerName="PLATO-SP9" duration="00:00:00.0104402" startTime="2025-08-20T17:22:41.3974867-07:00" endTime="2025-08-20T17:22:41.3974867-07:00" testType="13cdc9d9-ddb5-4fa4-a97d-d965ccfc6d4b" outcome="Passed" testListId="8c84fa94-04c1-424b-9868-57a2d4851a1d" relativeResultsDirectory="85b92b16-5204-410b-90fd-1f49502814c9" />
    <UnitTestResult executionId="268492fc-019b-45c0-a24d-185ede98eaaa" testId="a82317e4-43f2-ee26-d5fe-c6e51cbe0460" testName="Zeus.People.Domain.Tests.ValueObjects.RankTests.CreateProfessor_ShouldCreateProfessorRank" computerName="PLATO-SP9" duration="00:00:00.0001475" startTime="2025-08-20T17:22:41.3993650-07:00" endTime="2025-08-20T17:22:41.3993651-07:00" testType="13cdc9d9-ddb5-4fa4-a97d-d965ccfc6d4b" outcome="Passed" testListId="8c84fa94-04c1-424b-9868-57a2d4851a1d" relativeResultsDirectory="268492fc-019b-45c0-a24d-185ede98eaaa" />
    <UnitTestResult executionId="8f2ed22d-50cb-4211-a563-b185717ee663" testId="7c87a31a-998a-d26c-f4c6-375f566e5cf8" testName="Zeus.People.Domain.Tests.Services.AcademicDomainServiceTests.ValidateProfessorCanHeadDepartment_WithNonProfessor_ShouldThrowBusinessRuleViolationException" computerName="PLATO-SP9" duration="00:00:00.0009613" startTime="2025-08-20T17:22:41.4098102-07:00" endTime="2025-08-20T17:22:41.4098103-07:00" testType="13cdc9d9-ddb5-4fa4-a97d-d965ccfc6d4b" outcome="Passed" testListId="8c84fa94-04c1-424b-9868-57a2d4851a1d" relativeResultsDirectory="8f2ed22d-50cb-4211-a563-b185717ee663" />
    <UnitTestResult executionId="2536b076-3350-4f5d-98ea-7e226f84ac4b" testId="5f96dd0c-2104-db31-1985-027eb3a8d92a" testName="Zeus.People.Domain.Tests.ValueObjects.RatingTests.Create_WithInvalidRating_ShouldThrowArgumentException(invalidRating: 0)" computerName="PLATO-SP9" duration="00:00:00.0005318" startTime="2025-08-20T17:22:41.3953884-07:00" endTime="2025-08-20T17:22:41.3953885-07:00" testType="13cdc9d9-ddb5-4fa4-a97d-d965ccfc6d4b" outcome="Passed" testListId="8c84fa94-04c1-424b-9868-57a2d4851a1d" relativeResultsDirectory="2536b076-3350-4f5d-98ea-7e226f84ac4b" />
    <UnitTestResult executionId="9d61d813-3e85-4940-80d6-2a88a8fd8422" testId="03fcd27f-1394-f57c-c252-fdf6c63d5084" testName="Zeus.People.Domain.Tests.Entities.DepartmentTests.SetBudgets_WithNullAmounts_ShouldThrowArgumentNullException" computerName="PLATO-SP9" duration="00:00:00.0007387" startTime="2025-08-20T17:22:41.4067878-07:00" endTime="2025-08-20T17:22:41.4067879-07:00" testType="13cdc9d9-ddb5-4fa4-a97d-d965ccfc6d4b" outcome="Passed" testListId="8c84fa94-04c1-424b-9868-57a2d4851a1d" relativeResultsDirectory="9d61d813-3e85-4940-80d6-2a88a8fd8422" />
    <UnitTestResult executionId="271859e9-8f92-40aa-8023-fe79da950d5b" testId="ac766a82-eb2e-17aa-01d2-4ec4a06d2282" testName="Zeus.People.Domain.Tests.Services.AcademicDomainServiceTests.ValidateTeacherAuditRelationship_WithValidRelationship_ShouldNotThrow" computerName="PLATO-SP9" duration="00:00:00.5270234" startTime="2025-08-20T17:22:41.3725196-07:00" endTime="2025-08-20T17:22:41.3725197-07:00" testType="13cdc9d9-ddb5-4fa4-a97d-d965ccfc6d4b" outcome="Passed" testListId="8c84fa94-04c1-424b-9868-57a2d4851a1d" relativeResultsDirectory="271859e9-8f92-40aa-8023-fe79da950d5b" />
    <UnitTestResult executionId="a9a61607-2ac5-440f-a6c3-1c249de0b64b" testId="6bbf10a9-908c-ef7d-7720-873d837ae193" testName="Zeus.People.Domain.Tests.ValueObjects.MoneyAmtTests.Create_WithValidAmount_ShouldSucceed(validAmount: 1000000)" computerName="PLATO-SP9" duration="00:00:00.5212551" startTime="2025-08-20T17:22:41.3556202-07:00" endTime="2025-08-20T17:22:41.3556208-07:00" testType="13cdc9d9-ddb5-4fa4-a97d-d965ccfc6d4b" outcome="Passed" testListId="8c84fa94-04c1-424b-9868-57a2d4851a1d" relativeResultsDirectory="a9a61607-2ac5-440f-a6c3-1c249de0b64b" />
    <UnitTestResult executionId="3e350d6c-b694-435f-9333-abaca1818249" testId="4d0b1870-9599-e47a-0e7b-d26f67621964" testName="Zeus.People.Domain.Tests.ValueObjects.RankTests.GetEnsuredAccessLevel_ForSeniorLecturer_ShouldReturnInternational" computerName="PLATO-SP9" duration="00:00:00.0000855" startTime="2025-08-20T17:22:41.4009900-07:00" endTime="2025-08-20T17:22:41.4009900-07:00" testType="13cdc9d9-ddb5-4fa4-a97d-d965ccfc6d4b" outcome="Passed" testListId="8c84fa94-04c1-424b-9868-57a2d4851a1d" relativeResultsDirectory="3e350d6c-b694-435f-9333-abaca1818249" />
    <UnitTestResult executionId="33aa0bf4-2028-45d9-b4f8-d780ebb4172d" testId="7d9214c7-8071-0509-7f94-f80d7d18c5db" testName="Zeus.People.Domain.Tests.ValueObjects.RankTests.Create_WithInvalidRank_ShouldThrowArgumentException(invalidRank: &quot;INVALID&quot;)" computerName="PLATO-SP9" duration="00:00:00.0006070" startTime="2025-08-20T17:22:41.3953693-07:00" endTime="2025-08-20T17:22:41.3953694-07:00" testType="13cdc9d9-ddb5-4fa4-a97d-d965ccfc6d4b" outcome="Passed" testListId="8c84fa94-04c1-424b-9868-57a2d4851a1d" relativeResultsDirectory="33aa0bf4-2028-45d9-b4f8-d780ebb4172d" />
    <UnitTestResult executionId="ac6dfc23-9ae8-4783-9774-50910f8b0bc3" testId="bedc9866-4e81-4a1d-cb5b-8b55d128ef10" testName="Zeus.People.Domain.Tests.ValueObjects.EmpNrTests.Equality_WithSameValue_ShouldBeEqual" computerName="PLATO-SP9" duration="00:00:00.0003542" startTime="2025-08-20T17:22:41.4019249-07:00" endTime="2025-08-20T17:22:41.4019250-07:00" testType="13cdc9d9-ddb5-4fa4-a97d-d965ccfc6d4b" outcome="Passed" testListId="8c84fa94-04c1-424b-9868-57a2d4851a1d" relativeResultsDirectory="ac6dfc23-9ae8-4783-9774-50910f8b0bc3" />
    <UnitTestResult executionId="04b4f481-2130-4b0b-8c3f-1549c0976bc1" testId="dcbee9c7-5632-4dfb-c916-9abee23a8158" testName="Zeus.People.Domain.Tests.Entities.DepartmentTests.AssignHead_WithProfessorInDepartment_ShouldSucceedAndRaiseEvent" computerName="PLATO-SP9" duration="00:00:00.0030410" startTime="2025-08-20T17:22:41.3767640-07:00" endTime="2025-08-20T17:22:41.3767640-07:00" testType="13cdc9d9-ddb5-4fa4-a97d-d965ccfc6d4b" outcome="Passed" testListId="8c84fa94-04c1-424b-9868-57a2d4851a1d" relativeResultsDirectory="04b4f481-2130-4b0b-8c3f-1549c0976bc1" />
    <UnitTestResult executionId="063917c4-b070-444e-bf3c-7daab80bda3b" testId="2436f200-95b2-06c5-791f-e2e8cfc5d5bd" testName="Zeus.People.Domain.Tests.ValueObjects.AccessLevelTests.Create_WithNullAccessLevel_ShouldThrowArgumentException" computerName="PLATO-SP9" duration="00:00:00.5269264" startTime="2025-08-20T17:22:41.3725399-07:00" endTime="2025-08-20T17:22:41.3725399-07:00" testType="13cdc9d9-ddb5-4fa4-a97d-d965ccfc6d4b" outcome="Passed" testListId="8c84fa94-04c1-424b-9868-57a2d4851a1d" relativeResultsDirectory="063917c4-b070-444e-bf3c-7daab80bda3b" />
    <UnitTestResult executionId="1382bc72-068e-43b3-8740-da2bce0080b9" testId="e929a6c1-3012-93bb-a076-499ac290a657" testName="Zeus.People.Domain.Tests.Entities.AcademicTests.SetContractEndDate_WhenTenured_ShouldThrowBusinessRuleViolationException" computerName="PLATO-SP9" duration="00:00:00.0010787" startTime="2025-08-20T17:22:41.3798324-07:00" endTime="2025-08-20T17:22:41.3798326-07:00" testType="13cdc9d9-ddb5-4fa4-a97d-d965ccfc6d4b" outcome="Passed" testListId="8c84fa94-04c1-424b-9868-57a2d4851a1d" relativeResultsDirectory="1382bc72-068e-43b3-8740-da2bce0080b9" />
    <UnitTestResult executionId="bbe97dda-7766-40a4-81b5-36c82bd106aa" testId="04b15c30-26d6-3178-ca3a-1bf5630e7f51" testName="Zeus.People.Domain.Tests.ValueObjects.RankTests.CreateSeniorLecturer_ShouldCreateSeniorLecturerRank" computerName="PLATO-SP9" duration="00:00:00.0101010" startTime="2025-08-20T17:22:41.3973095-07:00" endTime="2025-08-20T17:22:41.3973097-07:00" testType="13cdc9d9-ddb5-4fa4-a97d-d965ccfc6d4b" outcome="Passed" testListId="8c84fa94-04c1-424b-9868-57a2d4851a1d" relativeResultsDirectory="bbe97dda-7766-40a4-81b5-36c82bd106aa" />
    <UnitTestResult executionId="d87fb9d3-c064-4616-bf5a-0f1baec59a23" testId="511c58d9-edd7-787d-62a9-58f8bc2f60a2" testName="Zeus.People.Domain.Tests.ValueObjects.RatingTests.Create_WithInvalidRating_ShouldThrowArgumentException(invalidRating: 8)" computerName="PLATO-SP9" duration="00:00:00.0011863" startTime="2025-08-20T17:22:41.3831750-07:00" endTime="2025-08-20T17:22:41.3831751-07:00" testType="13cdc9d9-ddb5-4fa4-a97d-d965ccfc6d4b" outcome="Passed" testListId="8c84fa94-04c1-424b-9868-57a2d4851a1d" relativeResultsDirectory="d87fb9d3-c064-4616-bf5a-0f1baec59a23" />
    <UnitTestResult executionId="714df690-3b31-4e20-98f4-3e6a2dfc6859" testId="a4c97203-bc37-1e4f-f9fe-c7c279d6424c" testName="Zeus.People.Domain.Tests.ValueObjects.RankTests.Create_WithInvalidRank_ShouldThrowArgumentException(invalidRank: &quot;&quot;)" computerName="PLATO-SP9" duration="00:00:00.0012838" startTime="2025-08-20T17:22:41.3833368-07:00" endTime="2025-08-20T17:22:41.3833369-07:00" testType="13cdc9d9-ddb5-4fa4-a97d-d965ccfc6d4b" outcome="Passed" testListId="8c84fa94-04c1-424b-9868-57a2d4851a1d" relativeResultsDirectory="714df690-3b31-4e20-98f4-3e6a2dfc6859" />
    <UnitTestResult executionId="472d7a06-786d-4ca3-85d9-5f2481f40992" testId="b39dbee6-e6f9-1b03-4fe5-87bf1d4fcd09" testName="Zeus.People.Domain.Tests.ValueObjects.MoneyAmtTests.EqualityComparison_WithSameValue_ShouldBeEqual" computerName="PLATO-SP9" duration="00:00:00.0051810" startTime="2025-08-20T17:22:41.3757265-07:00" endTime="2025-08-20T17:22:41.3757265-07:00" testType="13cdc9d9-ddb5-4fa4-a97d-d965ccfc6d4b" outcome="Passed" testListId="8c84fa94-04c1-424b-9868-57a2d4851a1d" relativeResultsDirectory="472d7a06-786d-4ca3-85d9-5f2481f40992" />
    <UnitTestResult executionId="83ccac49-5c32-47f6-9b8a-abce007ad0c7" testId="ffce6888-cb81-683f-233d-94ec418b193a" testName="Zeus.People.Domain.Tests.Entities.AcademicTests.AssignToDepartment_WithValidDepartmentId_ShouldAssignAndRaiseEvent" computerName="PLATO-SP9" duration="00:00:00.0021086" startTime="2025-08-20T17:22:41.3767360-07:00" endTime="2025-08-20T17:22:41.3767360-07:00" testType="13cdc9d9-ddb5-4fa4-a97d-d965ccfc6d4b" outcome="Passed" testListId="8c84fa94-04c1-424b-9868-57a2d4851a1d" relativeResultsDirectory="83ccac49-5c32-47f6-9b8a-abce007ad0c7" />
    <UnitTestResult executionId="11d7629f-e57b-418d-b2fe-97a2a57edd21" testId="ae58ecd8-e39b-8f4b-39fe-ed89b947679d" testName="Zeus.People.Domain.Tests.ValueObjects.MoneyAmtTests.Zero_ShouldReturnZeroAmount" computerName="PLATO-SP9" duration="00:00:00.0001884" startTime="2025-08-20T17:22:41.3954051-07:00" endTime="2025-08-20T17:22:41.3954052-07:00" testType="13cdc9d9-ddb5-4fa4-a97d-d965ccfc6d4b" outcome="Passed" testListId="8c84fa94-04c1-424b-9868-57a2d4851a1d" relativeResultsDirectory="11d7629f-e57b-418d-b2fe-97a2a57edd21" />
    <UnitTestResult executionId="d7168daa-c8f3-463a-af4d-24f8c960b98f" testId="516d11f8-7255-ede0-78c7-7ef9eaca1a7f" testName="Zeus.People.Domain.Tests.ValueObjects.EmpNameTests.Create_WithInvalidName_ShouldThrowArgumentException(invalidName: &quot;&quot;)" computerName="PLATO-SP9" duration="00:00:00.0009776" startTime="2025-08-20T17:22:41.4020257-07:00" endTime="2025-08-20T17:22:41.4020258-07:00" testType="13cdc9d9-ddb5-4fa4-a97d-d965ccfc6d4b" outcome="Passed" testListId="8c84fa94-04c1-424b-9868-57a2d4851a1d" relativeResultsDirectory="d7168daa-c8f3-463a-af4d-24f8c960b98f" />
    <UnitTestResult executionId="23d735da-4ecf-4731-8522-43270a9037e0" testId="1e8d5156-3438-fc11-b4e8-b86bca732101" testName="Zeus.People.Domain.Tests.UnitTest1.Test1" computerName="PLATO-SP9" duration="00:00:00.0033940" startTime="2025-08-20T17:22:40.8525047-07:00" endTime="2025-08-20T17:22:40.8525858-07:00" testType="13cdc9d9-ddb5-4fa4-a97d-d965ccfc6d4b" outcome="Passed" testListId="8c84fa94-04c1-424b-9868-57a2d4851a1d" relativeResultsDirectory="23d735da-4ecf-4731-8522-43270a9037e0" />
    <UnitTestResult executionId="a5a3a391-c13c-490e-be56-a4639236c9b3" testId="939dd684-20aa-0d77-d37b-6e9979abda46" testName="Zeus.People.Domain.Tests.Entities.DepartmentTests.AssignChair_WithValidChairId_ShouldSucceedAndRaiseEvent" computerName="PLATO-SP9" duration="00:00:00.0013980" startTime="2025-08-20T17:22:41.3953091-07:00" endTime="2025-08-20T17:22:41.3953092-07:00" testType="13cdc9d9-ddb5-4fa4-a97d-d965ccfc6d4b" outcome="Passed" testListId="8c84fa94-04c1-424b-9868-57a2d4851a1d" relativeResultsDirectory="a5a3a391-c13c-490e-be56-a4639236c9b3" />
    <UnitTestResult executionId="eda278a9-2e7a-4ea1-83f7-a84b94b4eacf" testId="d5d006c8-bae7-b905-465c-df74de7caaf6" testName="Zeus.People.Domain.Tests.ValueObjects.RankTests.Create_WithValidRank_ShouldSucceed(validRank: &quot;L&quot;)" computerName="PLATO-SP9" duration="00:00:00.0001843" startTime="2025-08-20T17:22:41.3993085-07:00" endTime="2025-08-20T17:22:41.3993085-07:00" testType="13cdc9d9-ddb5-4fa4-a97d-d965ccfc6d4b" outcome="Passed" testListId="8c84fa94-04c1-424b-9868-57a2d4851a1d" relativeResultsDirectory="eda278a9-2e7a-4ea1-83f7-a84b94b4eacf" />
    <UnitTestResult executionId="212ca655-a493-439b-ab00-9b8f8c8c9216" testId="bf1b27ed-a5c1-3282-70aa-c1e2214283be" testName="Zeus.People.Domain.Tests.Entities.DepartmentTests.Create_WithValidName_ShouldSucceed" computerName="PLATO-SP9" duration="00:00:00.0112794" startTime="2025-08-20T17:22:41.3992524-07:00" endTime="2025-08-20T17:22:41.3992525-07:00" testType="13cdc9d9-ddb5-4fa4-a97d-d965ccfc6d4b" outcome="Passed" testListId="8c84fa94-04c1-424b-9868-57a2d4851a1d" relativeResultsDirectory="212ca655-a493-439b-ab00-9b8f8c8c9216" />
    <UnitTestResult executionId="dcba4ada-8776-4793-b125-a44c7326bfad" testId="078b56a8-cfbb-7372-8252-5efef769ff62" testName="Zeus.People.Domain.Tests.ValueObjects.MoneyAmtTests.Multiplication_ShouldWorkCorrectly" computerName="PLATO-SP9" duration="00:00:00.0006289" startTime="2025-08-20T17:22:41.3723959-07:00" endTime="2025-08-20T17:22:41.3723960-07:00" testType="13cdc9d9-ddb5-4fa4-a97d-d965ccfc6d4b" outcome="Passed" testListId="8c84fa94-04c1-424b-9868-57a2d4851a1d" relativeResultsDirectory="dcba4ada-8776-4793-b125-a44c7326bfad" />
    <UnitTestResult executionId="e3c40777-b293-4b8a-ad16-6352ea22bbd2" testId="da5b9ec7-ba6f-35c2-cea9-2fdfae14a08f" testName="Zeus.People.Domain.Tests.Entities.AcademicTests.AddSubject_WithDuplicateSubjectId_ShouldNotAddDuplicate" computerName="PLATO-SP9" duration="00:00:00.0036763" startTime="2025-08-20T17:22:41.3766117-07:00" endTime="2025-08-20T17:22:41.3766118-07:00" testType="13cdc9d9-ddb5-4fa4-a97d-d965ccfc6d4b" outcome="Passed" testListId="8c84fa94-04c1-424b-9868-57a2d4851a1d" relativeResultsDirectory="e3c40777-b293-4b8a-ad16-6352ea22bbd2" />
    <UnitTestResult executionId="448bb01e-e722-4a4f-a422-fd3ad03a59ec" testId="1d97d8da-d5de-39b8-e814-cd63fe445327" testName="Zeus.People.Domain.Tests.ValueObjects.RankTests.GetEnsuredAccessLevel_ForProfessor_ShouldReturnNational" computerName="PLATO-SP9" duration="00:00:00.0001900" startTime="2025-08-20T17:22:41.4000726-07:00" endTime="2025-08-20T17:22:41.4000727-07:00" testType="13cdc9d9-ddb5-4fa4-a97d-d965ccfc6d4b" outcome="Passed" testListId="8c84fa94-04c1-424b-9868-57a2d4851a1d" relativeResultsDirectory="448bb01e-e722-4a4f-a422-fd3ad03a59ec" />
    <UnitTestResult executionId="d5c69e2a-d17a-4c78-8c81-f09a918bce99" testId="ae1966c5-048c-0472-1809-39735ee4890f" testName="Zeus.People.Domain.Tests.ValueObjects.AccessLevelTests.EqualityComparison_WithSameValue_ShouldBeEqual" computerName="PLATO-SP9" duration="00:00:00.0002051" startTime="2025-08-20T17:22:41.3984592-07:00" endTime="2025-08-20T17:22:41.3984593-07:00" testType="13cdc9d9-ddb5-4fa4-a97d-d965ccfc6d4b" outcome="Passed" testListId="8c84fa94-04c1-424b-9868-57a2d4851a1d" relativeResultsDirectory="d5c69e2a-d17a-4c78-8c81-f09a918bce99" />
    <UnitTestResult executionId="4345d854-2a76-43f7-92be-e7660466bae7" testId="3f221687-1eba-ecc7-4b81-bf73530090ae" testName="Zeus.People.Domain.Tests.ValueObjects.EmpNrTests.Create_WithInvalidEmployeeNumber_ShouldThrowException(invalidEmpNr: &quot;AB12345&quot;)" computerName="PLATO-SP9" duration="00:00:00.0005784" startTime="2025-08-20T17:22:41.4001738-07:00" endTime="2025-08-20T17:22:41.4001738-07:00" testType="13cdc9d9-ddb5-4fa4-a97d-d965ccfc6d4b" outcome="Passed" testListId="8c84fa94-04c1-424b-9868-57a2d4851a1d" relativeResultsDirectory="4345d854-2a76-43f7-92be-e7660466bae7" />
    <UnitTestResult executionId="6590e7f0-d4d9-4dd1-93dd-6bcdd83bdbb1" testId="01ca1560-fcab-b5f2-cf93-4d166f38b5a5" testName="Zeus.People.Domain.Tests.Entities.AcademicTests.AssignToRoom_WithValidRoomId_ShouldAssignAndRaiseEvent" computerName="PLATO-SP9" duration="00:00:00.0007017" startTime="2025-08-20T17:22:41.4056132-07:00" endTime="2025-08-20T17:22:41.4056133-07:00" testType="13cdc9d9-ddb5-4fa4-a97d-d965ccfc6d4b" outcome="Passed" testListId="8c84fa94-04c1-424b-9868-57a2d4851a1d" relativeResultsDirectory="6590e7f0-d4d9-4dd1-93dd-6bcdd83bdbb1" />
    <UnitTestResult executionId="760a790e-cc8a-4b07-bb3c-50cf5a5741d5" testId="c17511e8-06b6-bd60-9296-d8b7d18bcf0a" testName="Zeus.People.Domain.Tests.ValueObjects.EmpNameTests.Create_WithInvalidCharacters_ShouldThrowArgumentException(invalidName: &quot;Smith#&quot;)" computerName="PLATO-SP9" duration="00:00:00.0012687" startTime="2025-08-20T17:22:41.3832979-07:00" endTime="2025-08-20T17:22:41.3832980-07:00" testType="13cdc9d9-ddb5-4fa4-a97d-d965ccfc6d4b" outcome="Passed" testListId="8c84fa94-04c1-424b-9868-57a2d4851a1d" relativeResultsDirectory="760a790e-cc8a-4b07-bb3c-50cf5a5741d5" />
    <UnitTestResult executionId="3d17d480-25fb-45d1-8824-c9abdf93c31d" testId="58f03436-a0d0-cfbd-7ec2-124dfc01cac7" testName="Zeus.People.Domain.Tests.ValueObjects.RatingTests.ComparisonOperators_ShouldWorkCorrectly" computerName="PLATO-SP9" duration="00:00:00.0105099" startTime="2025-08-20T17:22:41.3975079-07:00" endTime="2025-08-20T17:22:41.3975080-07:00" testType="13cdc9d9-ddb5-4fa4-a97d-d965ccfc6d4b" outcome="Passed" testListId="8c84fa94-04c1-424b-9868-57a2d4851a1d" relativeResultsDirectory="3d17d480-25fb-45d1-8824-c9abdf93c31d" />
    <UnitTestResult executionId="e9fa6194-6c49-41a7-b679-56bf99f9ca8c" testId="7fa34e77-bd80-29ff-73f8-5c7f74623167" testName="Zeus.People.Domain.Tests.ValueObjects.EmpNrTests.Create_WithInvalidEmployeeNumber_ShouldThrowException(invalidEmpNr: &quot;&quot;)" computerName="PLATO-SP9" duration="00:00:00.0005013" startTime="2025-08-20T17:22:41.3992103-07:00" endTime="2025-08-20T17:22:41.3992104-07:00" testType="13cdc9d9-ddb5-4fa4-a97d-d965ccfc6d4b" outcome="Passed" testListId="8c84fa94-04c1-424b-9868-57a2d4851a1d" relativeResultsDirectory="e9fa6194-6c49-41a7-b679-56bf99f9ca8c" />
    <UnitTestResult executionId="e110994c-068a-4c41-8fef-b6a05557f5a3" testId="85f7c9bd-85c4-a507-89a6-b21a3dd3006c" testName="Zeus.People.Domain.Tests.Services.AcademicDomainServiceTests.ValidateTeacherAuditRelationship_WithNonTeacher_ShouldThrowBusinessRuleViolationException" computerName="PLATO-SP9" duration="00:00:00.0014397" startTime="2025-08-20T17:22:41.4111874-07:00" endTime="2025-08-20T17:22:41.4111876-07:00" testType="13cdc9d9-ddb5-4fa4-a97d-d965ccfc6d4b" outcome="Passed" testListId="8c84fa94-04c1-424b-9868-57a2d4851a1d" relativeResultsDirectory="e110994c-068a-4c41-8fef-b6a05557f5a3" />
    <UnitTestResult executionId="6b4ef6c3-3e58-45e2-bf94-284e1e01e988" testId="27535fb9-4731-5d8d-295d-58243c8cf870" testName="Zeus.People.Domain.Tests.ValueObjects.MoneyAmtTests.Create_WithNegativeAmount_ShouldThrowArgumentException(negativeAmount: -100.5)" computerName="PLATO-SP9" duration="00:00:00.0012591" startTime="2025-08-20T17:22:41.3832648-07:00" endTime="2025-08-20T17:22:41.3832649-07:00" testType="13cdc9d9-ddb5-4fa4-a97d-d965ccfc6d4b" outcome="Passed" testListId="8c84fa94-04c1-424b-9868-57a2d4851a1d" relativeResultsDirectory="6b4ef6c3-3e58-45e2-bf94-284e1e01e988" />
    <UnitTestResult executionId="5b9d5350-aec7-4b00-a95f-adcb53a0c64c" testId="0d6ed5eb-93ba-a5ee-cc87-da735bcbfdc2" testName="Zeus.People.Domain.Tests.ValueObjects.EmpNameTests.EqualityComparison_WithSameValue_ShouldBeEqual" computerName="PLATO-SP9" duration="00:00:00.0006874" startTime="2025-08-20T17:22:41.4001260-07:00" endTime="2025-08-20T17:22:41.4001261-07:00" testType="13cdc9d9-ddb5-4fa4-a97d-d965ccfc6d4b" outcome="Passed" testListId="8c84fa94-04c1-424b-9868-57a2d4851a1d" relativeResultsDirectory="5b9d5350-aec7-4b00-a95f-adcb53a0c64c" />
    <UnitTestResult executionId="588fac2e-c55a-442f-9509-0ad7cd1d4780" testId="64973a17-2e50-8321-dcb1-ed08ae4bdf9c" testName="Zeus.People.Domain.Tests.Entities.AcademicTests.AddSubject_WithValidSubjectId_ShouldMakeAcademicTeacher" computerName="PLATO-SP9" duration="00:00:00.0005529" startTime="2025-08-20T17:22:41.4029702-07:00" endTime="2025-08-20T17:22:41.4029703-07:00" testType="13cdc9d9-ddb5-4fa4-a97d-d965ccfc6d4b" outcome="Passed" testListId="8c84fa94-04c1-424b-9868-57a2d4851a1d" relativeResultsDirectory="588fac2e-c55a-442f-9509-0ad7cd1d4780" />
    <UnitTestResult executionId="d30f6b62-cefc-431b-adf9-57b7eef97c05" testId="ee8adcea-cb9a-3365-b8c0-e6690b483377" testName="Zeus.People.Domain.Tests.ValueObjects.RatingTests.EqualityComparison_WithDifferentValue_ShouldNotBeEqual" computerName="PLATO-SP9" duration="00:00:00.0008076" startTime="2025-08-20T17:22:41.3994174-07:00" endTime="2025-08-20T17:22:41.3994174-07:00" testType="13cdc9d9-ddb5-4fa4-a97d-d965ccfc6d4b" outcome="Passed" testListId="8c84fa94-04c1-424b-9868-57a2d4851a1d" relativeResultsDirectory="d30f6b62-cefc-431b-adf9-57b7eef97c05" />
    <UnitTestResult executionId="698410b0-f631-4a51-ae7e-da59f6b1fcb7" testId="6e9b69fd-a1ea-f869-d2b0-828968688624" testName="Zeus.People.Domain.Tests.Entities.DepartmentTests.SetBudgets_WithValidAmounts_ShouldSucceedAndRaiseEvent" computerName="PLATO-SP9" duration="00:00:00.0008361" startTime="2025-08-20T17:22:41.4057370-07:00" endTime="2025-08-20T17:22:41.4057371-07:00" testType="13cdc9d9-ddb5-4fa4-a97d-d965ccfc6d4b" outcome="Passed" testListId="8c84fa94-04c1-424b-9868-57a2d4851a1d" relativeResultsDirectory="698410b0-f631-4a51-ae7e-da59f6b1fcb7" />
    <UnitTestResult executionId="88d3584b-2c12-4c16-8f2d-5894bcc63f90" testId="00d8d50f-4069-fe82-2b7e-5c310ae4c136" testName="Zeus.People.Domain.Tests.ValueObjects.RankTests.EqualityComparison_WithDifferentValue_ShouldNotBeEqual" computerName="PLATO-SP9" duration="00:00:00.0000911" startTime="2025-08-20T17:22:41.4010580-07:00" endTime="2025-08-20T17:22:41.4010581-07:00" testType="13cdc9d9-ddb5-4fa4-a97d-d965ccfc6d4b" outcome="Passed" testListId="8c84fa94-04c1-424b-9868-57a2d4851a1d" relativeResultsDirectory="88d3584b-2c12-4c16-8f2d-5894bcc63f90" />
    <UnitTestResult executionId="e6ce92a8-e207-4970-995a-95e976558ef2" testId="3592277b-bcbf-e98b-16a0-2e668ea04d7c" testName="Zeus.People.Domain.Tests.Entities.DepartmentTests.RemoveAcademic_WithExistingAcademicId_ShouldRemoveFromCollection" computerName="PLATO-SP9" duration="00:00:00.0061351" startTime="2025-08-20T17:22:41.3766269-07:00" endTime="2025-08-20T17:22:41.3766270-07:00" testType="13cdc9d9-ddb5-4fa4-a97d-d965ccfc6d4b" outcome="Passed" testListId="8c84fa94-04c1-424b-9868-57a2d4851a1d" relativeResultsDirectory="e6ce92a8-e207-4970-995a-95e976558ef2" />
    <UnitTestResult executionId="1b3cc965-04f6-4e5b-aa7d-9059a600618b" testId="9708c257-30fc-89fd-0c69-916fc475f335" testName="Zeus.People.Domain.Tests.Entities.AcademicTests.AssignChair_WhenNotProfessor_ShouldThrowBusinessRuleViolationException" computerName="PLATO-SP9" duration="00:00:00.0056441" startTime="2025-08-20T17:22:41.3779279-07:00" endTime="2025-08-20T17:22:41.3779282-07:00" testType="13cdc9d9-ddb5-4fa4-a97d-d965ccfc6d4b" outcome="Passed" testListId="8c84fa94-04c1-424b-9868-57a2d4851a1d" relativeResultsDirectory="1b3cc965-04f6-4e5b-aa7d-9059a600618b" />
    <UnitTestResult executionId="24026881-06b2-4f72-b04f-056d586f56b2" testId="45dc360d-b22c-7786-3099-8a49f6055473" testName="Zeus.People.Domain.Tests.ValueObjects.RatingTests.EqualityComparison_WithSameValue_ShouldBeEqual" computerName="PLATO-SP9" duration="00:00:00.0004110" startTime="2025-08-20T17:22:41.4002853-07:00" endTime="2025-08-20T17:22:41.4002854-07:00" testType="13cdc9d9-ddb5-4fa4-a97d-d965ccfc6d4b" outcome="Passed" testListId="8c84fa94-04c1-424b-9868-57a2d4851a1d" relativeResultsDirectory="24026881-06b2-4f72-b04f-056d586f56b2" />
    <UnitTestResult executionId="bec04acc-b47d-4cd4-b3fe-372f38b7c3fc" testId="92cf62f2-f8bc-7d36-ea62-b2e400911506" testName="Zeus.People.Domain.Tests.ValueObjects.EmpNameTests.Create_WithNullName_ShouldThrowArgumentException" computerName="PLATO-SP9" duration="00:00:00.0107218" startTime="2025-08-20T17:22:41.3984227-07:00" endTime="2025-08-20T17:22:41.3984227-07:00" testType="13cdc9d9-ddb5-4fa4-a97d-d965ccfc6d4b" outcome="Passed" testListId="8c84fa94-04c1-424b-9868-57a2d4851a1d" relativeResultsDirectory="bec04acc-b47d-4cd4-b3fe-372f38b7c3fc" />
    <UnitTestResult executionId="1a598e67-1f09-457a-a4b8-fe8915920cb6" testId="c5f96674-dcf7-dd39-7add-933039e55a37" testName="Zeus.People.Domain.Tests.Entities.AcademicTests.ChangeRank_WithValidRank_ShouldUpdateRankAndRaiseEvent" computerName="PLATO-SP9" duration="00:00:00.0017451" startTime="2025-08-20T17:22:41.3767905-07:00" endTime="2025-08-20T17:22:41.3767906-07:00" testType="13cdc9d9-ddb5-4fa4-a97d-d965ccfc6d4b" outcome="Passed" testListId="8c84fa94-04c1-424b-9868-57a2d4851a1d" relativeResultsDirectory="1a598e67-1f09-457a-a4b8-fe8915920cb6" />
    <UnitTestResult executionId="4f25fc86-1161-4c31-befb-bc2e6ca951d5" testId="bbe5ccfc-e28d-2a4a-e867-c663907671e4" testName="Zeus.People.Domain.Tests.ValueObjects.EmpNameTests.Create_WithValidName_ShouldSucceed" computerName="PLATO-SP9" duration="00:00:00.0003987" startTime="2025-08-20T17:22:41.3952268-07:00" endTime="2025-08-20T17:22:41.3952269-07:00" testType="13cdc9d9-ddb5-4fa4-a97d-d965ccfc6d4b" outcome="Passed" testListId="8c84fa94-04c1-424b-9868-57a2d4851a1d" relativeResultsDirectory="4f25fc86-1161-4c31-befb-bc2e6ca951d5" />
    <UnitTestResult executionId="e326153c-cd9c-4134-9c35-aa4b8ebc58b4" testId="556f3448-2aa3-dac4-8169-28a7b762be16" testName="Zeus.People.Domain.Tests.Services.AcademicDomainServiceTests.ValidateTeachingProfessorCanServeOnCommittee_WithNonTeachingProfessor_ShouldThrowBusinessRuleViolationException" computerName="PLATO-SP9" duration="00:00:00.0011650" startTime="2025-08-20T17:22:41.3823218-07:00" endTime="2025-08-20T17:22:41.3823219-07:00" testType="13cdc9d9-ddb5-4fa4-a97d-d965ccfc6d4b" outcome="Passed" testListId="8c84fa94-04c1-424b-9868-57a2d4851a1d" relativeResultsDirectory="e326153c-cd9c-4134-9c35-aa4b8ebc58b4" />
    <UnitTestResult executionId="70b32feb-15e3-4709-9023-7c1c16ee9f05" testId="15703a51-1f7e-05c9-7af6-1d9876f827fc" testName="Zeus.People.Domain.Tests.ValueObjects.RankTests.Create_WithInvalidRank_ShouldThrowArgumentException(invalidRank: &quot; &quot;)" computerName="PLATO-SP9" duration="00:00:00.5465732" startTime="2025-08-20T17:22:41.3811998-07:00" endTime="2025-08-20T17:22:41.3811998-07:00" testType="13cdc9d9-ddb5-4fa4-a97d-d965ccfc6d4b" outcome="Passed" testListId="8c84fa94-04c1-424b-9868-57a2d4851a1d" relativeResultsDirectory="70b32feb-15e3-4709-9023-7c1c16ee9f05" />
    <UnitTestResult executionId="d36a3b4e-d4a4-442e-9526-214a87bfb1e5" testId="d861ea55-3ad9-d248-ccba-86ec0b14e2e2" testName="Zeus.People.Domain.Tests.Services.AcademicDomainServiceTests.ValidateAcademicDepartmentAssignment_WithUniqueEmpName_ShouldNotThrow" computerName="PLATO-SP9" duration="00:00:00.0018039" startTime="2025-08-20T17:22:41.4032676-07:00" endTime="2025-08-20T17:22:41.4032677-07:00" testType="13cdc9d9-ddb5-4fa4-a97d-d965ccfc6d4b" outcome="Passed" testListId="8c84fa94-04c1-424b-9868-57a2d4851a1d" relativeResultsDirectory="d36a3b4e-d4a4-442e-9526-214a87bfb1e5" />
    <UnitTestResult executionId="028c2af8-4d53-4981-ac53-267096a61167" testId="105df302-81b1-87c5-0a23-89465926a443" testName="Zeus.People.Domain.Tests.Entities.AcademicTests.MakeTenured_WhenHasContractEndDate_ShouldThrowBusinessRuleViolationException" computerName="PLATO-SP9" duration="00:00:00.0007025" startTime="2025-08-20T17:22:41.4057928-07:00" endTime="2025-08-20T17:22:41.4057930-07:00" testType="13cdc9d9-ddb5-4fa4-a97d-d965ccfc6d4b" outcome="Passed" testListId="8c84fa94-04c1-424b-9868-57a2d4851a1d" relativeResultsDirectory="028c2af8-4d53-4981-ac53-267096a61167" />
    <UnitTestResult executionId="6ff195fe-4731-4ca0-8368-370bc3ba4d20" testId="6ba0b7a4-8a73-8404-c9e9-b4edb7654a51" testName="Zeus.People.Domain.Tests.ValueObjects.EmpNrTests.Create_WithInvalidEmployeeNumber_ShouldThrowException(invalidEmpNr: &quot;12ABCD&quot;)" computerName="PLATO-SP9" duration="00:00:00.0006709" startTime="2025-08-20T17:22:41.3963082-07:00" endTime="2025-08-20T17:22:41.3963083-07:00" testType="13cdc9d9-ddb5-4fa4-a97d-d965ccfc6d4b" outcome="Passed" testListId="8c84fa94-04c1-424b-9868-57a2d4851a1d" relativeResultsDirectory="6ff195fe-4731-4ca0-8368-370bc3ba4d20" />
    <UnitTestResult executionId="41862331-4e88-4331-b293-24da66b368d3" testId="8caa36b3-22b8-5dcd-0f8b-af492c9de68f" testName="Zeus.People.Domain.Tests.ValueObjects.MoneyAmtTests.ToString_ShouldFormatAsCurrency" computerName="PLATO-SP9" duration="00:00:00.0033500" startTime="2025-08-20T17:22:41.4031001-07:00" endTime="2025-08-20T17:22:41.4031001-07:00" testType="13cdc9d9-ddb5-4fa4-a97d-d965ccfc6d4b" outcome="Passed" testListId="8c84fa94-04c1-424b-9868-57a2d4851a1d" relativeResultsDirectory="41862331-4e88-4331-b293-24da66b368d3" />
    <UnitTestResult executionId="8651bcd2-332c-406b-b057-80774eb553bd" testId="0b43ead2-ac93-599d-e4c0-ab88589fe325" testName="Zeus.People.Domain.Tests.Entities.AcademicTests.SetHomePhone_WithValidPhoneNumber_ShouldSetHomePhone" computerName="PLATO-SP9" duration="00:00:00.0006056" startTime="2025-08-20T17:22:41.3786856-07:00" endTime="2025-08-20T17:22:41.3786862-07:00" testType="13cdc9d9-ddb5-4fa4-a97d-d965ccfc6d4b" outcome="Passed" testListId="8c84fa94-04c1-424b-9868-57a2d4851a1d" relativeResultsDirectory="8651bcd2-332c-406b-b057-80774eb553bd" />
    <UnitTestResult executionId="881e6c72-70da-4a0d-9aed-222d594b6d0c" testId="c54a5d7e-8579-3130-27c6-8ac841679122" testName="Zeus.People.Domain.Tests.ValueObjects.RankTests.Create_WithNullRank_ShouldThrowArgumentException" computerName="PLATO-SP9" duration="00:00:00.0007595" startTime="2025-08-20T17:22:41.4022546-07:00" endTime="2025-08-20T17:22:41.4022547-07:00" testType="13cdc9d9-ddb5-4fa4-a97d-d965ccfc6d4b" outcome="Passed" testListId="8c84fa94-04c1-424b-9868-57a2d4851a1d" relativeResultsDirectory="881e6c72-70da-4a0d-9aed-222d594b6d0c" />
    <UnitTestResult executionId="45ac2d3a-7e05-4632-93ab-da8dd0bc89db" testId="da8df3cd-f6de-edb4-2572-8c78b1177a52" testName="Zeus.People.Domain.Tests.ValueObjects.MoneyAmtTests.Addition_ShouldWorkCorrectly" computerName="PLATO-SP9" duration="00:00:00.0007029" startTime="2025-08-20T17:22:41.3721880-07:00" endTime="2025-08-20T17:22:41.3721882-07:00" testType="13cdc9d9-ddb5-4fa4-a97d-d965ccfc6d4b" outcome="Passed" testListId="8c84fa94-04c1-424b-9868-57a2d4851a1d" relativeResultsDirectory="45ac2d3a-7e05-4632-93ab-da8dd0bc89db" />
    <UnitTestResult executionId="c77d716f-0aa1-4af0-9d71-3a78321dca70" testId="d4794b06-b50c-49aa-cb81-e1345d61f66e" testName="Zeus.People.Domain.Tests.ValueObjects.EmpNameTests.Create_WithInvalidCharacters_ShouldThrowArgumentException(invalidName: &quot;Smith@&quot;)" computerName="PLATO-SP9" duration="00:00:00.0005501" startTime="2025-08-20T17:22:41.3940623-07:00" endTime="2025-08-20T17:22:41.3940624-07:00" testType="13cdc9d9-ddb5-4fa4-a97d-d965ccfc6d4b" outcome="Passed" testListId="8c84fa94-04c1-424b-9868-57a2d4851a1d" relativeResultsDirectory="c77d716f-0aa1-4af0-9d71-3a78321dca70" />
    <UnitTestResult executionId="a8871063-0704-43b6-9c15-8c70ae364304" testId="7d465f38-4679-78e8-09cc-a4aaf4ebb6d3" testName="Zeus.People.Domain.Tests.ValueObjects.MoneyAmtTests.Subtraction_ShouldWorkCorrectly" computerName="PLATO-SP9" duration="00:00:00.0008307" startTime="2025-08-20T17:22:41.3723259-07:00" endTime="2025-08-20T17:22:41.3723259-07:00" testType="13cdc9d9-ddb5-4fa4-a97d-d965ccfc6d4b" outcome="Passed" testListId="8c84fa94-04c1-424b-9868-57a2d4851a1d" relativeResultsDirectory="a8871063-0704-43b6-9c15-8c70ae364304" />
    <UnitTestResult executionId="b5d0886f-f5ce-4248-9c8a-6a72b76cce95" testId="d2cda023-3625-cf8c-76c5-3acb0abd879b" testName="Zeus.People.Domain.Tests.ValueObjects.EmpNrTests.Equality_WithDifferentValue_ShouldNotBeEqual" computerName="PLATO-SP9" duration="00:00:00.0004084" startTime="2025-08-20T17:22:41.4003491-07:00" endTime="2025-08-20T17:22:41.4003492-07:00" testType="13cdc9d9-ddb5-4fa4-a97d-d965ccfc6d4b" outcome="Passed" testListId="8c84fa94-04c1-424b-9868-57a2d4851a1d" relativeResultsDirectory="b5d0886f-f5ce-4248-9c8a-6a72b76cce95" />
    <UnitTestResult executionId="1f6c93be-ec3d-4759-bbc6-c3a7564708c6" testId="f4a83e60-dc4e-3ea6-8cb8-f588392d7341" testName="Zeus.People.Domain.Tests.ValueObjects.EmpNrTests.Create_WithValidEmployeeNumber_ShouldSucceed" computerName="PLATO-SP9" duration="00:00:00.0002614" startTime="2025-08-20T17:22:41.4021331-07:00" endTime="2025-08-20T17:22:41.4021332-07:00" testType="13cdc9d9-ddb5-4fa4-a97d-d965ccfc6d4b" outcome="Passed" testListId="8c84fa94-04c1-424b-9868-57a2d4851a1d" relativeResultsDirectory="1f6c93be-ec3d-4759-bbc6-c3a7564708c6" />
    <UnitTestResult executionId="5d4a4dc8-d86c-4172-8d6a-3c1be381f20c" testId="12d2101f-f673-58b8-bfc0-1a74e5cdc606" testName="Zeus.People.Domain.Tests.ValueObjects.AccessLevelTests.CreateNational_ShouldCreateNationalAccessLevel" computerName="PLATO-SP9" duration="00:00:00.0001471" startTime="2025-08-20T17:22:41.3982428-07:00" endTime="2025-08-20T17:22:41.3982429-07:00" testType="13cdc9d9-ddb5-4fa4-a97d-d965ccfc6d4b" outcome="Passed" testListId="8c84fa94-04c1-424b-9868-57a2d4851a1d" relativeResultsDirectory="5d4a4dc8-d86c-4172-8d6a-3c1be381f20c" />
    <UnitTestResult executionId="62c22771-6f0a-4bba-91fb-b6cdc7715bc0" testId="2e35d9e2-6887-be96-b9f5-88bf97a20567" testName="Zeus.People.Domain.Tests.Services.AcademicDomainServiceTests.ValidateTeachingProfessorCanServeOnCommittee_WithValidTeachingProfessor_ShouldNotThrow" computerName="PLATO-SP9" duration="00:00:00.0015084" startTime="2025-08-20T17:22:41.3795823-07:00" endTime="2025-08-20T17:22:41.3795827-07:00" testType="13cdc9d9-ddb5-4fa4-a97d-d965ccfc6d4b" outcome="Passed" testListId="8c84fa94-04c1-424b-9868-57a2d4851a1d" relativeResultsDirectory="62c22771-6f0a-4bba-91fb-b6cdc7715bc0" />
    <UnitTestResult executionId="e50dc7d1-fdbc-448f-b16f-4766ef0939a1" testId="d78f1358-1e42-7f9e-80f9-5837668eb4ee" testName="Zeus.People.Domain.Tests.ValueObjects.EmpNameTests.EqualityComparison_WithDifferentValue_ShouldNotBeEqual" computerName="PLATO-SP9" duration="00:00:00.0003624" startTime="2025-08-20T17:22:41.3964977-07:00" endTime="2025-08-20T17:22:41.3964977-07:00" testType="13cdc9d9-ddb5-4fa4-a97d-d965ccfc6d4b" outcome="Passed" testListId="8c84fa94-04c1-424b-9868-57a2d4851a1d" relativeResultsDirectory="e50dc7d1-fdbc-448f-b16f-4766ef0939a1" />
    <UnitTestResult executionId="0eebb35f-e7df-414f-a2e4-b96d8c4ce228" testId="c493b1a5-6e1c-874f-95a3-6df7dadedb48" testName="Zeus.People.Domain.Tests.Services.AcademicDomainServiceTests.ValidateProfessorCanHoldChair_WithValidProfessorAndNoExistingChair_ShouldNotThrow" computerName="PLATO-SP9" duration="00:00:00.0015047" startTime="2025-08-20T17:22:41.4012418-07:00" endTime="2025-08-20T17:22:41.4012419-07:00" testType="13cdc9d9-ddb5-4fa4-a97d-d965ccfc6d4b" outcome="Passed" testListId="8c84fa94-04c1-424b-9868-57a2d4851a1d" relativeResultsDirectory="0eebb35f-e7df-414f-a2e4-b96d8c4ce228" />
    <UnitTestResult executionId="b5d23573-447b-41e5-a9e3-b92256fee2c2" testId="c4024a92-da59-5647-5205-da83d14ae837" testName="Zeus.People.Domain.Tests.ValueObjects.MoneyAmtTests.ComparisonOperators_ShouldWorkCorrectly" computerName="PLATO-SP9" duration="00:00:00.0009852" startTime="2025-08-20T17:22:41.3951747-07:00" endTime="2025-08-20T17:22:41.3951748-07:00" testType="13cdc9d9-ddb5-4fa4-a97d-d965ccfc6d4b" outcome="Passed" testListId="8c84fa94-04c1-424b-9868-57a2d4851a1d" relativeResultsDirectory="b5d23573-447b-41e5-a9e3-b92256fee2c2" />
    <UnitTestResult executionId="8e99d72f-ed50-4e1a-a8fd-55f3847e2a6e" testId="58799b23-ae6c-f218-bd8d-323fc7e1549e" testName="Zeus.People.Domain.Tests.Entities.DepartmentTests.ValidateUniqueEmpNameInDepartment_WithDuplicateEmpName_ShouldThrowBusinessRuleViolationException" computerName="PLATO-SP9" duration="00:00:00.0012248" startTime="2025-08-20T17:22:41.4011530-07:00" endTime="2025-08-20T17:22:41.4011530-07:00" testType="13cdc9d9-ddb5-4fa4-a97d-d965ccfc6d4b" outcome="Passed" testListId="8c84fa94-04c1-424b-9868-57a2d4851a1d" relativeResultsDirectory="8e99d72f-ed50-4e1a-a8fd-55f3847e2a6e" />
    <UnitTestResult executionId="e4a42b59-0a68-43bc-9517-6a87a2f232f3" testId="7c54d31c-7395-0dab-e62c-4d1a874eb088" testName="Zeus.People.Domain.Tests.Entities.AcademicTests.RemoveSubject_WithExistingSubjectId_ShouldRemoveSubject" computerName="PLATO-SP9" duration="00:00:00.0003306" startTime="2025-08-20T17:22:41.4067727-07:00" endTime="2025-08-20T17:22:41.4067728-07:00" testType="13cdc9d9-ddb5-4fa4-a97d-d965ccfc6d4b" outcome="Passed" testListId="8c84fa94-04c1-424b-9868-57a2d4851a1d" relativeResultsDirectory="e4a42b59-0a68-43bc-9517-6a87a2f232f3" />
    <UnitTestResult executionId="d4258a3a-39b8-45fc-8608-2bfd4ce540e5" testId="ef39488d-5eb7-08cf-5813-687736568047" testName="Zeus.People.Domain.Tests.Entities.DepartmentTests.AssignHead_WithProfessorNotInDepartment_ShouldThrowBusinessRuleViolationException" computerName="PLATO-SP9" duration="00:00:00.0065766" startTime="2025-08-20T17:22:41.3779922-07:00" endTime="2025-08-20T17:22:41.3779923-07:00" testType="13cdc9d9-ddb5-4fa4-a97d-d965ccfc6d4b" outcome="Passed" testListId="8c84fa94-04c1-424b-9868-57a2d4851a1d" relativeResultsDirectory="d4258a3a-39b8-45fc-8608-2bfd4ce540e5" />
    <UnitTestResult executionId="a2b0d2fb-afdb-499e-92de-c8c60278736e" testId="bb0fb5a6-9f3a-9c94-5a74-2e44f8255945" testName="Zeus.People.Domain.Tests.Services.AcademicDomainServiceTests.ValidateProfessorCanHeadDepartment_WithValidProfessorInDepartment_ShouldNotThrow" computerName="PLATO-SP9" duration="00:00:00.0035912" startTime="2025-08-20T17:22:41.4075249-07:00" endTime="2025-08-20T17:22:41.4075254-07:00" testType="13cdc9d9-ddb5-4fa4-a97d-d965ccfc6d4b" outcome="Passed" testListId="8c84fa94-04c1-424b-9868-57a2d4851a1d" relativeResultsDirectory="a2b0d2fb-afdb-499e-92de-c8c60278736e" />
    <UnitTestResult executionId="3960105f-41dd-4b23-97fc-fd13d7e8a586" testId="2f7c96d4-71f8-0c3d-803b-a4276bd4aeea" testName="Zeus.People.Domain.Tests.ValueObjects.RatingTests.CreateMinimum_ShouldReturnRatingOfOne" computerName="PLATO-SP9" duration="00:00:00.0001286" startTime="2025-08-20T17:22:41.4029895-07:00" endTime="2025-08-20T17:22:41.4029896-07:00" testType="13cdc9d9-ddb5-4fa4-a97d-d965ccfc6d4b" outcome="Passed" testListId="8c84fa94-04c1-424b-9868-57a2d4851a1d" relativeResultsDirectory="3960105f-41dd-4b23-97fc-fd13d7e8a586" />
    <UnitTestResult executionId="39ed3f9c-07ad-4827-9bdb-8f77393a85ba" testId="e0e35947-4241-b528-ff21-a31a4f32c36d" testName="Zeus.People.Domain.Tests.ValueObjects.AccessLevelTests.Create_WithValidAccessLevel_ShouldSucceed(validAccessLevel: &quot;INT&quot;)" computerName="PLATO-SP9" duration="00:00:00.0001485" startTime="2025-08-20T17:22:41.3767025-07:00" endTime="2025-08-20T17:22:41.3767026-07:00" testType="13cdc9d9-ddb5-4fa4-a97d-d965ccfc6d4b" outcome="Passed" testListId="8c84fa94-04c1-424b-9868-57a2d4851a1d" relativeResultsDirectory="39ed3f9c-07ad-4827-9bdb-8f77393a85ba" />
    <UnitTestResult executionId="edd0dc39-2f6f-4266-8cf0-73ee7854398e" testId="a47554f6-0b21-08f9-9fdc-7631fb6deeff" testName="Zeus.People.Domain.Tests.ValueObjects.RatingTests.Create_WithValidRating_ShouldSucceed(validRating: 4)" computerName="PLATO-SP9" duration="00:00:00.0000987" startTime="2025-08-20T17:22:41.4022188-07:00" endTime="2025-08-20T17:22:41.4022188-07:00" testType="13cdc9d9-ddb5-4fa4-a97d-d965ccfc6d4b" outcome="Passed" testListId="8c84fa94-04c1-424b-9868-57a2d4851a1d" relativeResultsDirectory="edd0dc39-2f6f-4266-8cf0-73ee7854398e" />
    <UnitTestResult executionId="da536de0-b593-41cb-bdf2-707ad8ae9c21" testId="846c11a6-dd75-10da-f643-d2b135bc0521" testName="Zeus.People.Domain.Tests.ValueObjects.MoneyAmtTests.Create_WithValidAmount_ShouldSucceed(validAmount: 0)" computerName="PLATO-SP9" duration="00:00:00.0001735" startTime="2025-08-20T17:22:41.3571066-07:00" endTime="2025-08-20T17:22:41.3571068-07:00" testType="13cdc9d9-ddb5-4fa4-a97d-d965ccfc6d4b" outcome="Passed" testListId="8c84fa94-04c1-424b-9868-57a2d4851a1d" relativeResultsDirectory="da536de0-b593-41cb-bdf2-707ad8ae9c21" />
    <UnitTestResult executionId="ada87835-af21-4daf-b84a-a17d9955611c" testId="42d00c28-50d0-0680-d74d-7d94856b2ab3" testName="Zeus.People.Domain.Tests.ValueObjects.RatingTests.Create_WithValidRating_ShouldSucceed(validRating: 7)" computerName="PLATO-SP9" duration="00:00:00.0003477" startTime="2025-08-20T17:22:41.4021714-07:00" endTime="2025-08-20T17:22:41.4021715-07:00" testType="13cdc9d9-ddb5-4fa4-a97d-d965ccfc6d4b" outcome="Passed" testListId="8c84fa94-04c1-424b-9868-57a2d4851a1d" relativeResultsDirectory="ada87835-af21-4daf-b84a-a17d9955611c" />
    <UnitTestResult executionId="1d71b5e2-61fd-46fa-b572-1cca19288765" testId="7a91d411-50dd-5e37-4ff6-ef81346deb2f" testName="Zeus.People.Domain.Tests.Entities.DepartmentTests.RemoveAcademic_WhenAcademicIsHead_ShouldClearHeadAssignment" computerName="PLATO-SP9" duration="00:00:00.0009896" startTime="2025-08-20T17:22:41.3824507-07:00" endTime="2025-08-20T17:22:41.3824507-07:00" testType="13cdc9d9-ddb5-4fa4-a97d-d965ccfc6d4b" outcome="Passed" testListId="8c84fa94-04c1-424b-9868-57a2d4851a1d" relativeResultsDirectory="1d71b5e2-61fd-46fa-b572-1cca19288765" />
    <UnitTestResult executionId="1792d5f1-3957-49b8-bb78-f83e24583592" testId="e423ba28-b30c-b7df-ac16-1f0246f6f027" testName="Zeus.People.Domain.Tests.ValueObjects.AccessLevelTests.CreateInternational_ShouldCreateInternationalAccessLevel" computerName="PLATO-SP9" duration="00:00:00.0100168" startTime="2025-08-20T17:22:41.3973465-07:00" endTime="2025-08-20T17:22:41.3973466-07:00" testType="13cdc9d9-ddb5-4fa4-a97d-d965ccfc6d4b" outcome="Passed" testListId="8c84fa94-04c1-424b-9868-57a2d4851a1d" relativeResultsDirectory="1792d5f1-3957-49b8-bb78-f83e24583592" />
    <UnitTestResult executionId="6d31d00b-9446-4d5f-b106-95f96a1d334c" testId="d5ec89f4-5ad7-f9f1-0494-03d7ac3e0915" testName="Zeus.People.Domain.Tests.Services.AcademicDomainServiceTests.ValidateProfessorCanHoldChair_WithProfessorAlreadyHoldingAnotherChair_ShouldThrowBusinessRuleViolationException" computerName="PLATO-SP9" duration="00:00:00.0165836" startTime="2025-08-20T17:22:41.3779740-07:00" endTime="2025-08-20T17:22:41.3779741-07:00" testType="13cdc9d9-ddb5-4fa4-a97d-d965ccfc6d4b" outcome="Passed" testListId="8c84fa94-04c1-424b-9868-57a2d4851a1d" relativeResultsDirectory="6d31d00b-9446-4d5f-b106-95f96a1d334c" />
    <UnitTestResult executionId="2661e6c6-c974-40fc-8e8f-2b227dd73ed3" testId="87824683-be24-d98c-d72e-a28108c0dc97" testName="Zeus.People.Domain.Tests.Entities.AggregateRootTests.RaiseDomainEvent_ShouldAddEventToCollection" computerName="PLATO-SP9" duration="00:00:00.0050060" startTime="2025-08-20T17:22:41.3722785-07:00" endTime="2025-08-20T17:22:41.3722785-07:00" testType="13cdc9d9-ddb5-4fa4-a97d-d965ccfc6d4b" outcome="Passed" testListId="8c84fa94-04c1-424b-9868-57a2d4851a1d" relativeResultsDirectory="2661e6c6-c974-40fc-8e8f-2b227dd73ed3" />
    <UnitTestResult executionId="0a6c0f08-b714-4d63-bc4a-7554e3cf3219" testId="c3768c41-ea16-5182-66ae-e2e375e16902" testName="Zeus.People.Domain.Tests.Services.AcademicDomainServiceTests.ValidateAcademicDepartmentAssignment_WithDuplicateEmpName_ShouldThrowBusinessRuleViolationException" computerName="PLATO-SP9" duration="00:00:00.0026048" startTime="2025-08-20T17:22:41.3963646-07:00" endTime="2025-08-20T17:22:41.3963647-07:00" testType="13cdc9d9-ddb5-4fa4-a97d-d965ccfc6d4b" outcome="Passed" testListId="8c84fa94-04c1-424b-9868-57a2d4851a1d" relativeResultsDirectory="0a6c0f08-b714-4d63-bc4a-7554e3cf3219" />
    <UnitTestResult executionId="714ae1ab-31f4-44a4-964b-330bac2ee2d8" testId="6b92cd41-b7d2-4845-7a42-4a56b5444e1f" testName="Zeus.People.Domain.Tests.ValueObjects.AccessLevelTests.CreateLocal_ShouldCreateLocalAccessLevel" computerName="PLATO-SP9" duration="00:00:00.0001796" startTime="2025-08-20T17:22:41.3974474-07:00" endTime="2025-08-20T17:22:41.3974475-07:00" testType="13cdc9d9-ddb5-4fa4-a97d-d965ccfc6d4b" outcome="Passed" testListId="8c84fa94-04c1-424b-9868-57a2d4851a1d" relativeResultsDirectory="714ae1ab-31f4-44a4-964b-330bac2ee2d8" />
    <UnitTestResult executionId="3bf945c9-c8a7-44f8-984e-ba036901177b" testId="3e483da6-52ab-0f73-2a7d-d4b4b957441e" testName="Zeus.People.Domain.Tests.Entities.AggregateRootTests.Constructor_WithId_ShouldSetSpecificId" computerName="PLATO-SP9" duration="00:00:00.5116652" startTime="2025-08-20T17:22:41.3461172-07:00" endTime="2025-08-20T17:22:41.3461177-07:00" testType="13cdc9d9-ddb5-4fa4-a97d-d965ccfc6d4b" outcome="Passed" testListId="8c84fa94-04c1-424b-9868-57a2d4851a1d" relativeResultsDirectory="3bf945c9-c8a7-44f8-984e-ba036901177b" />
    <UnitTestResult executionId="237f1c36-8d98-45e4-8db8-69ba0a50e159" testId="cc339ac2-8770-0b73-7a24-45c6a27ce8e4" testName="Zeus.People.Domain.Tests.ValueObjects.RankTests.CreateLecturer_ShouldCreateLecturerRank" computerName="PLATO-SP9" duration="00:00:00.0001241" startTime="2025-08-20T17:22:41.4012142-07:00" endTime="2025-08-20T17:22:41.4012143-07:00" testType="13cdc9d9-ddb5-4fa4-a97d-d965ccfc6d4b" outcome="Passed" testListId="8c84fa94-04c1-424b-9868-57a2d4851a1d" relativeResultsDirectory="237f1c36-8d98-45e4-8db8-69ba0a50e159" />
    <UnitTestResult executionId="048121ab-5757-4e81-9d5f-7e85aee8eb05" testId="5d05e72f-4f7e-a8e6-3f82-89b1f36a6e37" testName="Zeus.People.Domain.Tests.ValueObjects.RankTests.EqualityComparison_WithSameValue_ShouldBeEqual" computerName="PLATO-SP9" duration="00:00:00.0003417" startTime="2025-08-20T17:22:41.4002433-07:00" endTime="2025-08-20T17:22:41.4002434-07:00" testType="13cdc9d9-ddb5-4fa4-a97d-d965ccfc6d4b" outcome="Passed" testListId="8c84fa94-04c1-424b-9868-57a2d4851a1d" relativeResultsDirectory="048121ab-5757-4e81-9d5f-7e85aee8eb05" />
    <UnitTestResult executionId="6e8449d2-2cde-405b-a008-36575baf95eb" testId="5fdc3a2c-2199-d8f1-7a13-bcc0aeaca2ec" testName="Zeus.People.Domain.Tests.Services.AcademicDomainServiceTests.ValidateRoomBuildingUniqueness_WithDuplicateRoomInSameBuilding_ShouldThrowBusinessRuleViolationException" computerName="PLATO-SP9" duration="00:00:00.0028174" startTime="2025-08-20T17:22:41.4068466-07:00" endTime="2025-08-20T17:22:41.4068467-07:00" testType="13cdc9d9-ddb5-4fa4-a97d-d965ccfc6d4b" outcome="Passed" testListId="8c84fa94-04c1-424b-9868-57a2d4851a1d" relativeResultsDirectory="6e8449d2-2cde-405b-a008-36575baf95eb" />
    <UnitTestResult executionId="1bd83f29-2b9c-43d0-b705-059222d25066" testId="43b5e6b2-a446-1875-26cb-c359e01d0fed" testName="Zeus.People.Domain.Tests.Services.AcademicDomainServiceTests.ValidateProfessorCanHoldChair_WithNonProfessor_ShouldThrowBusinessRuleViolationException" computerName="PLATO-SP9" duration="00:00:00.0107851" startTime="2025-08-20T17:22:41.3983753-07:00" endTime="2025-08-20T17:22:41.3983754-07:00" testType="13cdc9d9-ddb5-4fa4-a97d-d965ccfc6d4b" outcome="Passed" testListId="8c84fa94-04c1-424b-9868-57a2d4851a1d" relativeResultsDirectory="1bd83f29-2b9c-43d0-b705-059222d25066" />
    <UnitTestResult executionId="fedc404a-9852-4b61-9a41-6926965d5b6a" testId="ce96c265-510e-0d3a-26e5-2710b3200320" testName="Zeus.People.Domain.Tests.ValueObjects.EmpNrTests.Create_WithInvalidEmployeeNumber_ShouldThrowException(invalidEmpNr: &quot;ABC1234&quot;)" computerName="PLATO-SP9" duration="00:00:00.0011406" startTime="2025-08-20T17:22:41.3831250-07:00" endTime="2025-08-20T17:22:41.3831251-07:00" testType="13cdc9d9-ddb5-4fa4-a97d-d965ccfc6d4b" outcome="Passed" testListId="8c84fa94-04c1-424b-9868-57a2d4851a1d" relativeResultsDirectory="fedc404a-9852-4b61-9a41-6926965d5b6a" />
    <UnitTestResult executionId="7c237e93-6619-425e-ba50-ccf3471a80c8" testId="f74be516-0ea5-932d-6ef8-988681f41a45" testName="Zeus.People.Domain.Tests.ValueObjects.AccessLevelTests.Create_WithValidAccessLevel_ShouldSucceed(validAccessLevel: &quot;NAT&quot;)" computerName="PLATO-SP9" duration="00:00:00.0045396" startTime="2025-08-20T17:22:41.3757902-07:00" endTime="2025-08-20T17:22:41.3757902-07:00" testType="13cdc9d9-ddb5-4fa4-a97d-d965ccfc6d4b" outcome="Passed" testListId="8c84fa94-04c1-424b-9868-57a2d4851a1d" relativeResultsDirectory="7c237e93-6619-425e-ba50-ccf3471a80c8" />
    <UnitTestResult executionId="d6c93978-49bd-4502-a813-67bd8c61dff9" testId="3b0c4f6a-8fe9-df6e-bfe3-c314c45f1f41" testName="Zeus.People.Domain.Tests.ValueObjects.AccessLevelTests.Create_WithValidAccessLevel_ShouldSucceed(validAccessLevel: &quot;LOC&quot;)" computerName="PLATO-SP9" duration="00:00:00.0003732" startTime="2025-08-20T17:22:41.3766754-07:00" endTime="2025-08-20T17:22:41.3766754-07:00" testType="13cdc9d9-ddb5-4fa4-a97d-d965ccfc6d4b" outcome="Passed" testListId="8c84fa94-04c1-424b-9868-57a2d4851a1d" relativeResultsDirectory="d6c93978-49bd-4502-a813-67bd8c61dff9" />
    <UnitTestResult executionId="e4161ab8-b841-4ee3-81ba-c5115a7bb036" testId="b88b4b87-0f4c-1293-6f8d-641a4b776917" testName="Zeus.People.Domain.Tests.Services.AcademicDomainServiceTests.ValidateRoomBuildingUniqueness_WithUniqueRoomNumber_ShouldNotThrow" computerName="PLATO-SP9" duration="00:00:00.0010862" startTime="2025-08-20T17:22:41.4068972-07:00" endTime="2025-08-20T17:22:41.4068973-07:00" testType="13cdc9d9-ddb5-4fa4-a97d-d965ccfc6d4b" outcome="Passed" testListId="8c84fa94-04c1-424b-9868-57a2d4851a1d" relativeResultsDirectory="e4161ab8-b841-4ee3-81ba-c5115a7bb036" />
    <UnitTestResult executionId="809c53ee-c888-4fd9-85fe-ba3a9b77a72d" testId="d92ea4be-c827-8327-07d0-e28e623dc124" testName="Zeus.People.Domain.Tests.Entities.AcademicTests.SetContractEndDate_WhenNotTenured_ShouldSucceedAndRaiseEvent" computerName="PLATO-SP9" duration="00:00:00.0006055" startTime="2025-08-20T17:22:41.4067136-07:00" endTime="2025-08-20T17:22:41.4067137-07:00" testType="13cdc9d9-ddb5-4fa4-a97d-d965ccfc6d4b" outcome="Passed" testListId="8c84fa94-04c1-424b-9868-57a2d4851a1d" relativeResultsDirectory="809c53ee-c888-4fd9-85fe-ba3a9b77a72d" />
  </Results>
  <TestDefinitions>
    <UnitTest name="Zeus.People.Domain.Tests.ValueObjects.EmpNrTests.Create_WithInvalidEmployeeNumber_ShouldThrowException(invalidEmpNr: &quot;AB123&quot;)" storage="c:\git\blogcode\zeus.people\tests\zeus.people.domain.tests\bin\release\net8.0\zeus.people.domain.tests.dll" id="706cf29d-3c04-3380-6354-3e6c698f7805">
      <Execution id="2742c9ff-163a-4908-98e8-c93935786df3" />
      <TestMethod codeBase="C:\git\blogcode\Zeus.People\tests\Zeus.People.Domain.Tests\bin\Release\net8.0\Zeus.People.Domain.Tests.dll" adapterTypeName="executor://xunit/VsTestRunner2/netcoreapp" className="Zeus.People.Domain.Tests.ValueObjects.EmpNrTests" name="Create_WithInvalidEmployeeNumber_ShouldThrowException" />
    </UnitTest>
    <UnitTest name="Zeus.People.Domain.Tests.Services.AcademicDomainServiceTests.ValidateTeacherAuditRelationship_WithReverseRelationshipExists_ShouldThrowBusinessRuleViolationException" storage="c:\git\blogcode\zeus.people\tests\zeus.people.domain.tests\bin\release\net8.0\zeus.people.domain.tests.dll" id="7608668b-50b1-fa99-d281-e2a7f7a20f21">
      <Execution id="b470c8f2-a1fc-4ffe-b6d9-b1de3923c7df" />
      <TestMethod codeBase="C:\git\blogcode\Zeus.People\tests\Zeus.People.Domain.Tests\bin\Release\net8.0\Zeus.People.Domain.Tests.dll" adapterTypeName="executor://xunit/VsTestRunner2/netcoreapp" className="Zeus.People.Domain.Tests.Services.AcademicDomainServiceTests" name="ValidateTeacherAuditRelationship_WithReverseRelationshipExists_ShouldThrowBusinessRuleViolationException" />
    </UnitTest>
    <UnitTest name="Zeus.People.Domain.Tests.ValueObjects.MoneyAmtTests.Create_WithValidAmount_ShouldSucceed(validAmount: 0.01)" storage="c:\git\blogcode\zeus.people\tests\zeus.people.domain.tests\bin\release\net8.0\zeus.people.domain.tests.dll" id="5be534b0-ecc6-e975-53c0-d6831032f058">
      <Execution id="60aaeed1-b3c9-4911-a9ec-7450cfbccd59" />
      <TestMethod codeBase="C:\git\blogcode\Zeus.People\tests\Zeus.People.Domain.Tests\bin\Release\net8.0\Zeus.People.Domain.Tests.dll" adapterTypeName="executor://xunit/VsTestRunner2/netcoreapp" className="Zeus.People.Domain.Tests.ValueObjects.MoneyAmtTests" name="Create_WithValidAmount_ShouldSucceed" />
    </UnitTest>
    <UnitTest name="Zeus.People.Domain.Tests.Services.AcademicDomainServiceTests.ValidateProfessorCanHoldChair_WithValidProfessorAndNoExistingChair_ShouldNotThrow" storage="c:\git\blogcode\zeus.people\tests\zeus.people.domain.tests\bin\release\net8.0\zeus.people.domain.tests.dll" id="c493b1a5-6e1c-874f-95a3-6df7dadedb48">
      <Execution id="0eebb35f-e7df-414f-a2e4-b96d8c4ce228" />
      <TestMethod codeBase="C:\git\blogcode\Zeus.People\tests\Zeus.People.Domain.Tests\bin\Release\net8.0\Zeus.People.Domain.Tests.dll" adapterTypeName="executor://xunit/VsTestRunner2/netcoreapp" className="Zeus.People.Domain.Tests.Services.AcademicDomainServiceTests" name="ValidateProfessorCanHoldChair_WithValidProfessorAndNoExistingChair_ShouldNotThrow" />
    </UnitTest>
    <UnitTest name="Zeus.People.Domain.Tests.Entities.DepartmentTests.AssignHead_WithProfessorNotInDepartment_ShouldThrowBusinessRuleViolationException" storage="c:\git\blogcode\zeus.people\tests\zeus.people.domain.tests\bin\release\net8.0\zeus.people.domain.tests.dll" id="ef39488d-5eb7-08cf-5813-687736568047">
      <Execution id="d4258a3a-39b8-45fc-8608-2bfd4ce540e5" />
      <TestMethod codeBase="C:\git\blogcode\Zeus.People\tests\Zeus.People.Domain.Tests\bin\Release\net8.0\Zeus.People.Domain.Tests.dll" adapterTypeName="executor://xunit/VsTestRunner2/netcoreapp" className="Zeus.People.Domain.Tests.Entities.DepartmentTests" name="AssignHead_WithProfessorNotInDepartment_ShouldThrowBusinessRuleViolationException" />
    </UnitTest>
    <UnitTest name="Zeus.People.Domain.Tests.Services.AcademicDomainServiceTests.ValidateProfessorCanHeadDepartment_WithValidProfessorInDepartment_ShouldNotThrow" storage="c:\git\blogcode\zeus.people\tests\zeus.people.domain.tests\bin\release\net8.0\zeus.people.domain.tests.dll" id="bb0fb5a6-9f3a-9c94-5a74-2e44f8255945">
      <Execution id="a2b0d2fb-afdb-499e-92de-c8c60278736e" />
      <TestMethod codeBase="C:\git\blogcode\Zeus.People\tests\Zeus.People.Domain.Tests\bin\Release\net8.0\Zeus.People.Domain.Tests.dll" adapterTypeName="executor://xunit/VsTestRunner2/netcoreapp" className="Zeus.People.Domain.Tests.Services.AcademicDomainServiceTests" name="ValidateProfessorCanHeadDepartment_WithValidProfessorInDepartment_ShouldNotThrow" />
    </UnitTest>
    <UnitTest name="Zeus.People.Domain.Tests.ValueObjects.AccessLevelTests.CreateInternational_ShouldCreateInternationalAccessLevel" storage="c:\git\blogcode\zeus.people\tests\zeus.people.domain.tests\bin\release\net8.0\zeus.people.domain.tests.dll" id="e423ba28-b30c-b7df-ac16-1f0246f6f027">
      <Execution id="1792d5f1-3957-49b8-bb78-f83e24583592" />
      <TestMethod codeBase="C:\git\blogcode\Zeus.People\tests\Zeus.People.Domain.Tests\bin\Release\net8.0\Zeus.People.Domain.Tests.dll" adapterTypeName="executor://xunit/VsTestRunner2/netcoreapp" className="Zeus.People.Domain.Tests.ValueObjects.AccessLevelTests" name="CreateInternational_ShouldCreateInternationalAccessLevel" />
    </UnitTest>
    <UnitTest name="Zeus.People.Domain.Tests.Entities.AcademicTests.GetEnsuredAccessLevel_ShouldReturnCorrectAccessLevel" storage="c:\git\blogcode\zeus.people\tests\zeus.people.domain.tests\bin\release\net8.0\zeus.people.domain.tests.dll" id="d19bdc94-447e-6046-bca5-9f62530dc5b1">
      <Execution id="10964da5-80ad-497c-b9fc-93ff2be13034" />
      <TestMethod codeBase="C:\git\blogcode\Zeus.People\tests\Zeus.People.Domain.Tests\bin\Release\net8.0\Zeus.People.Domain.Tests.dll" adapterTypeName="executor://xunit/VsTestRunner2/netcoreapp" className="Zeus.People.Domain.Tests.Entities.AcademicTests" name="GetEnsuredAccessLevel_ShouldReturnCorrectAccessLevel" />
    </UnitTest>
[...]
    <TestEntry testId="1369b237-c6b0-2797-8705-97dd3c478406" executionId="062a92ce-9895-47d2-a3ea-56e2696b7151" testListId="8c84fa94-04c1-424b-9868-57a2d4851a1d" />
    <TestEntry testId="88c50cae-daac-9d11-77f2-aaa353dc2129" executionId="a903ec7a-00c4-426f-8def-b0756d2559e3" testListId="8c84fa94-04c1-424b-9868-57a2d4851a1d" />
    <TestEntry testId="3a80f702-836d-4b63-e0f5-205043f0909e" executionId="4c3dfee3-a209-4a58-8b65-aea760399936" testListId="8c84fa94-04c1-424b-9868-57a2d4851a1d" />
    <TestEntry testId="35f47f5e-c4c6-9609-97dc-234effabf397" executionId="24371118-e8c1-47a2-a5cd-e20d3678e3f5" testListId="8c84fa94-04c1-424b-9868-57a2d4851a1d" />
    <TestEntry testId="695f41fc-a01d-4174-bcfd-165369a44dad" executionId="a4944dfa-87b6-414e-b265-2755fb77753e" testListId="8c84fa94-04c1-424b-9868-57a2d4851a1d" />
    <TestEntry testId="da568a34-e659-0d95-b918-3ddee4fa164d" executionId="d79c45a3-6ddc-4a28-8923-47dc030fdba6" testListId="8c84fa94-04c1-424b-9868-57a2d4851a1d" />
    <TestEntry testId="79be69f1-2532-14a0-9ca0-3da8aae7070b" executionId="5b1d4742-664a-40e3-98cb-e2a4cd7e1696" testListId="8c84fa94-04c1-424b-9868-57a2d4851a1d" />
    <TestEntry testId="694c8839-9363-1c6d-5713-61ae57686524" executionId="45f5d824-e901-4139-b195-57186ba0cf1e" testListId="8c84fa94-04c1-424b-9868-57a2d4851a1d" />
    <TestEntry testId="b2d1c23d-b398-0515-0a38-14f8181c258b" executionId="c472b245-d5f1-4068-8853-cb88cfaf23c0" testListId="8c84fa94-04c1-424b-9868-57a2d4851a1d" />
    <TestEntry testId="3a871f9c-6f29-610d-0ec4-84b7dd054d41" executionId="abd1d975-3199-4691-8b99-43b944120477" testListId="8c84fa94-04c1-424b-9868-57a2d4851a1d" />
    <TestEntry testId="535bb214-fbee-e535-2643-36703e257425" executionId="ba9f39a7-cd98-405b-bc5c-510faf75c36c" testListId="8c84fa94-04c1-424b-9868-57a2d4851a1d" />
    <TestEntry testId="a5788031-4d75-6d59-1651-d122f4b52f8b" executionId="539382e7-9cbf-4d0f-9e7b-41bd8d80e470" testListId="8c84fa94-04c1-424b-9868-57a2d4851a1d" />
    <TestEntry testId="a7eea704-e0bd-9e12-9b62-55cdecd41c8f" executionId="34ecbe35-b549-431e-b042-d4556f86d37d" testListId="8c84fa94-04c1-424b-9868-57a2d4851a1d" />
    <TestEntry testId="84db13b6-f654-cba5-2d8f-321538fd62a0" executionId="10505eda-99dc-46f9-8776-263e03db4ba0" testListId="8c84fa94-04c1-424b-9868-57a2d4851a1d" />
    <TestEntry testId="7608668b-50b1-fa99-d281-e2a7f7a20f21" executionId="b470c8f2-a1fc-4ffe-b6d9-b1de3923c7df" testListId="8c84fa94-04c1-424b-9868-57a2d4851a1d" />
    <TestEntry testId="d19bdc94-447e-6046-bca5-9f62530dc5b1" executionId="10964da5-80ad-497c-b9fc-93ff2be13034" testListId="8c84fa94-04c1-424b-9868-57a2d4851a1d" />
    <TestEntry testId="3f51ea32-8d5e-9797-788d-e7467a77d9e2" executionId="22f1dd21-a45f-4d6f-92c5-5ee735eb2c38" testListId="8c84fa94-04c1-424b-9868-57a2d4851a1d" />
    <TestEntry testId="610ac7cb-5ef3-e660-3388-f7c599de111f" executionId="41e76db1-ea08-4384-81eb-757837a18e95" testListId="8c84fa94-04c1-424b-9868-57a2d4851a1d" />
    <TestEntry testId="0c32c737-ee1b-e59c-7331-ce1b1ad0fe58" executionId="06bdfbc6-734f-4864-9aec-8835e1ea1e21" testListId="8c84fa94-04c1-424b-9868-57a2d4851a1d" />
    <TestEntry testId="706cf29d-3c04-3380-6354-3e6c698f7805" executionId="2742c9ff-163a-4908-98e8-c93935786df3" testListId="8c84fa94-04c1-424b-9868-57a2d4851a1d" />
    <TestEntry testId="ef385d61-2e8e-a749-9387-d43b24022281" executionId="f289785f-82ac-46a1-82ed-cdac63f0ea30" testListId="8c84fa94-04c1-424b-9868-57a2d4851a1d" />
    <TestEntry testId="5be534b0-ecc6-e975-53c0-d6831032f058" executionId="60aaeed1-b3c9-4911-a9ec-7450cfbccd59" testListId="8c84fa94-04c1-424b-9868-57a2d4851a1d" />
    <TestEntry testId="96ec85ea-c853-1102-9a13-8ce85be501ca" executionId="cee6bfb2-3af8-4b48-a460-6ba2b571f987" testListId="8c84fa94-04c1-424b-9868-57a2d4851a1d" />
    <TestEntry testId="93669d7e-1f5d-a2ba-abc1-a1012b681d36" executionId="f457ad78-11ab-4a3c-9aee-ce934a8f33ad" testListId="8c84fa94-04c1-424b-9868-57a2d4851a1d" />
    <TestEntry testId="29c61878-40d4-387d-703f-edcbe1a4fa78" executionId="1b9aa0d2-4e48-45e3-b796-d85191106a08" testListId="8c84fa94-04c1-424b-9868-57a2d4851a1d" />
    <TestEntry testId="b0bf0c34-6b38-14a8-ea05-8141673bb6fa" executionId="c2ba0073-b488-464c-bb80-a68e49eb3616" testListId="8c84fa94-04c1-424b-9868-57a2d4851a1d" />
    <TestEntry testId="35f75bfe-2596-4c4d-2db4-5f426bf2bca6" executionId="85b92b16-5204-410b-90fd-1f49502814c9" testListId="8c84fa94-04c1-424b-9868-57a2d4851a1d" />
    <TestEntry testId="a82317e4-43f2-ee26-d5fe-c6e51cbe0460" executionId="268492fc-019b-45c0-a24d-185ede98eaaa" testListId="8c84fa94-04c1-424b-9868-57a2d4851a1d" />
    <TestEntry testId="7c87a31a-998a-d26c-f4c6-375f566e5cf8" executionId="8f2ed22d-50cb-4211-a563-b185717ee663" testListId="8c84fa94-04c1-424b-9868-57a2d4851a1d" />
    <TestEntry testId="5f96dd0c-2104-db31-1985-027eb3a8d92a" executionId="2536b076-3350-4f5d-98ea-7e226f84ac4b" testListId="8c84fa94-04c1-424b-9868-57a2d4851a1d" />
    <TestEntry testId="03fcd27f-1394-f57c-c252-fdf6c63d5084" executionId="9d61d813-3e85-4940-80d6-2a88a8fd8422" testListId="8c84fa94-04c1-424b-9868-57a2d4851a1d" />
    <TestEntry testId="ac766a82-eb2e-17aa-01d2-4ec4a06d2282" executionId="271859e9-8f92-40aa-8023-fe79da950d5b" testListId="8c84fa94-04c1-424b-9868-57a2d4851a1d" />
    <TestEntry testId="6bbf10a9-908c-ef7d-7720-873d837ae193" executionId="a9a61607-2ac5-440f-a6c3-1c249de0b64b" testListId="8c84fa94-04c1-424b-9868-57a2d4851a1d" />
    <TestEntry testId="4d0b1870-9599-e47a-0e7b-d26f67621964" executionId="3e350d6c-b694-435f-9333-abaca1818249" testListId="8c84fa94-04c1-424b-9868-57a2d4851a1d" />
    <TestEntry testId="7d9214c7-8071-0509-7f94-f80d7d18c5db" executionId="33aa0bf4-2028-45d9-b4f8-d780ebb4172d" testListId="8c84fa94-04c1-424b-9868-57a2d4851a1d" />
    <TestEntry testId="bedc9866-4e81-4a1d-cb5b-8b55d128ef10" executionId="ac6dfc23-9ae8-4783-9774-50910f8b0bc3" testListId="8c84fa94-04c1-424b-9868-57a2d4851a1d" />
    <TestEntry testId="dcbee9c7-5632-4dfb-c916-9abee23a8158" executionId="04b4f481-2130-4b0b-8c3f-1549c0976bc1" testListId="8c84fa94-04c1-424b-9868-57a2d4851a1d" />
    <TestEntry testId="2436f200-95b2-06c5-791f-e2e8cfc5d5bd" executionId="063917c4-b070-444e-bf3c-7daab80bda3b" testListId="8c84fa94-04c1-424b-9868-57a2d4851a1d" />
    <TestEntry testId="e929a6c1-3012-93bb-a076-499ac290a657" executionId="1382bc72-068e-43b3-8740-da2bce0080b9" testListId="8c84fa94-04c1-424b-9868-57a2d4851a1d" />
    <TestEntry testId="04b15c30-26d6-3178-ca3a-1bf5630e7f51" executionId="bbe97dda-7766-40a4-81b5-36c82bd106aa" testListId="8c84fa94-04c1-424b-9868-57a2d4851a1d" />
    <TestEntry testId="511c58d9-edd7-787d-62a9-58f8bc2f60a2" executionId="d87fb9d3-c064-4616-bf5a-0f1baec59a23" testListId="8c84fa94-04c1-424b-9868-57a2d4851a1d" />
    <TestEntry testId="a4c97203-bc37-1e4f-f9fe-c7c279d6424c" executionId="714df690-3b31-4e20-98f4-3e6a2dfc6859" testListId="8c84fa94-04c1-424b-9868-57a2d4851a1d" />
    <TestEntry testId="b39dbee6-e6f9-1b03-4fe5-87bf1d4fcd09" executionId="472d7a06-786d-4ca3-85d9-5f2481f40992" testListId="8c84fa94-04c1-424b-9868-57a2d4851a1d" />
    <TestEntry testId="ffce6888-cb81-683f-233d-94ec418b193a" executionId="83ccac49-5c32-47f6-9b8a-abce007ad0c7" testListId="8c84fa94-04c1-424b-9868-57a2d4851a1d" />
    <TestEntry testId="ae58ecd8-e39b-8f4b-39fe-ed89b947679d" executionId="11d7629f-e57b-418d-b2fe-97a2a57edd21" testListId="8c84fa94-04c1-424b-9868-57a2d4851a1d" />
    <TestEntry testId="516d11f8-7255-ede0-78c7-7ef9eaca1a7f" executionId="d7168daa-c8f3-463a-af4d-24f8c960b98f" testListId="8c84fa94-04c1-424b-9868-57a2d4851a1d" />
    <TestEntry testId="1e8d5156-3438-fc11-b4e8-b86bca732101" executionId="23d735da-4ecf-4731-8522-43270a9037e0" testListId="8c84fa94-04c1-424b-9868-57a2d4851a1d" />
    <TestEntry testId="939dd684-20aa-0d77-d37b-6e9979abda46" executionId="a5a3a391-c13c-490e-be56-a4639236c9b3" testListId="8c84fa94-04c1-424b-9868-57a2d4851a1d" />
    <TestEntry testId="d5d006c8-bae7-b905-465c-df74de7caaf6" executionId="eda278a9-2e7a-4ea1-83f7-a84b94b4eacf" testListId="8c84fa94-04c1-424b-9868-57a2d4851a1d" />
    <TestEntry testId="bf1b27ed-a5c1-3282-70aa-c1e2214283be" executionId="212ca655-a493-439b-ab00-9b8f8c8c9216" testListId="8c84fa94-04c1-424b-9868-57a2d4851a1d" />
    <TestEntry testId="078b56a8-cfbb-7372-8252-5efef769ff62" executionId="dcba4ada-8776-4793-b125-a44c7326bfad" testListId="8c84fa94-04c1-424b-9868-57a2d4851a1d" />
    <TestEntry testId="da5b9ec7-ba6f-35c2-cea9-2fdfae14a08f" executionId="e3c40777-b293-4b8a-ad16-6352ea22bbd2" testListId="8c84fa94-04c1-424b-9868-57a2d4851a1d" />
    <TestEntry testId="1d97d8da-d5de-39b8-e814-cd63fe445327" executionId="448bb01e-e722-4a4f-a422-fd3ad03a59ec" testListId="8c84fa94-04c1-424b-9868-57a2d4851a1d" />
    <TestEntry testId="ae1966c5-048c-0472-1809-39735ee4890f" executionId="d5c69e2a-d17a-4c78-8c81-f09a918bce99" testListId="8c84fa94-04c1-424b-9868-57a2d4851a1d" />
    <TestEntry testId="3f221687-1eba-ecc7-4b81-bf73530090ae" executionId="4345d854-2a76-43f7-92be-e7660466bae7" testListId="8c84fa94-04c1-424b-9868-57a2d4851a1d" />
    <TestEntry testId="01ca1560-fcab-b5f2-cf93-4d166f38b5a5" executionId="6590e7f0-d4d9-4dd1-93dd-6bcdd83bdbb1" testListId="8c84fa94-04c1-424b-9868-57a2d4851a1d" />
    <TestEntry testId="c17511e8-06b6-bd60-9296-d8b7d18bcf0a" executionId="760a790e-cc8a-4b07-bb3c-50cf5a5741d5" testListId="8c84fa94-04c1-424b-9868-57a2d4851a1d" />
    <TestEntry testId="58f03436-a0d0-cfbd-7ec2-124dfc01cac7" executionId="3d17d480-25fb-45d1-8824-c9abdf93c31d" testListId="8c84fa94-04c1-424b-9868-57a2d4851a1d" />
    <TestEntry testId="7fa34e77-bd80-29ff-73f8-5c7f74623167" executionId="e9fa6194-6c49-41a7-b679-56bf99f9ca8c" testListId="8c84fa94-04c1-424b-9868-57a2d4851a1d" />
    <TestEntry testId="85f7c9bd-85c4-a507-89a6-b21a3dd3006c" executionId="e110994c-068a-4c41-8fef-b6a05557f5a3" testListId="8c84fa94-04c1-424b-9868-57a2d4851a1d" />
    <TestEntry testId="27535fb9-4731-5d8d-295d-58243c8cf870" executionId="6b4ef6c3-3e58-45e2-bf94-284e1e01e988" testListId="8c84fa94-04c1-424b-9868-57a2d4851a1d" />
    <TestEntry testId="0d6ed5eb-93ba-a5ee-cc87-da735bcbfdc2" executionId="5b9d5350-aec7-4b00-a95f-adcb53a0c64c" testListId="8c84fa94-04c1-424b-9868-57a2d4851a1d" />
    <TestEntry testId="64973a17-2e50-8321-dcb1-ed08ae4bdf9c" executionId="588fac2e-c55a-442f-9509-0ad7cd1d4780" testListId="8c84fa94-04c1-424b-9868-57a2d4851a1d" />
    <TestEntry testId="ee8adcea-cb9a-3365-b8c0-e6690b483377" executionId="d30f6b62-cefc-431b-adf9-57b7eef97c05" testListId="8c84fa94-04c1-424b-9868-57a2d4851a1d" />
    <TestEntry testId="6e9b69fd-a1ea-f869-d2b0-828968688624" executionId="698410b0-f631-4a51-ae7e-da59f6b1fcb7" testListId="8c84fa94-04c1-424b-9868-57a2d4851a1d" />
    <TestEntry testId="00d8d50f-4069-fe82-2b7e-5c310ae4c136" executionId="88d3584b-2c12-4c16-8f2d-5894bcc63f90" testListId="8c84fa94-04c1-424b-9868-57a2d4851a1d" />
    <TestEntry testId="3592277b-bcbf-e98b-16a0-2e668ea04d7c" executionId="e6ce92a8-e207-4970-995a-95e976558ef2" testListId="8c84fa94-04c1-424b-9868-57a2d4851a1d" />
    <TestEntry testId="9708c257-30fc-89fd-0c69-916fc475f335" executionId="1b3cc965-04f6-4e5b-aa7d-9059a600618b" testListId="8c84fa94-04c1-424b-9868-57a2d4851a1d" />
    <TestEntry testId="45dc360d-b22c-7786-3099-8a49f6055473" executionId="24026881-06b2-4f72-b04f-056d586f56b2" testListId="8c84fa94-04c1-424b-9868-57a2d4851a1d" />
    <TestEntry testId="92cf62f2-f8bc-7d36-ea62-b2e400911506" executionId="bec04acc-b47d-4cd4-b3fe-372f38b7c3fc" testListId="8c84fa94-04c1-424b-9868-57a2d4851a1d" />
    <TestEntry testId="c5f96674-dcf7-dd39-7add-933039e55a37" executionId="1a598e67-1f09-457a-a4b8-fe8915920cb6" testListId="8c84fa94-04c1-424b-9868-57a2d4851a1d" />
    <TestEntry testId="bbe5ccfc-e28d-2a4a-e867-c663907671e4" executionId="4f25fc86-1161-4c31-befb-bc2e6ca951d5" testListId="8c84fa94-04c1-424b-9868-57a2d4851a1d" />
    <TestEntry testId="556f3448-2aa3-dac4-8169-28a7b762be16" executionId="e326153c-cd9c-4134-9c35-aa4b8ebc58b4" testListId="8c84fa94-04c1-424b-9868-57a2d4851a1d" />
    <TestEntry testId="15703a51-1f7e-05c9-7af6-1d9876f827fc" executionId="70b32feb-15e3-4709-9023-7c1c16ee9f05" testListId="8c84fa94-04c1-424b-9868-57a2d4851a1d" />
    <TestEntry testId="d861ea55-3ad9-d248-ccba-86ec0b14e2e2" executionId="d36a3b4e-d4a4-442e-9526-214a87bfb1e5" testListId="8c84fa94-04c1-424b-9868-57a2d4851a1d" />
    <TestEntry testId="105df302-81b1-87c5-0a23-89465926a443" executionId="028c2af8-4d53-4981-ac53-267096a61167" testListId="8c84fa94-04c1-424b-9868-57a2d4851a1d" />
    <TestEntry testId="6ba0b7a4-8a73-8404-c9e9-b4edb7654a51" executionId="6ff195fe-4731-4ca0-8368-370bc3ba4d20" testListId="8c84fa94-04c1-424b-9868-57a2d4851a1d" />
    <TestEntry testId="8caa36b3-22b8-5dcd-0f8b-af492c9de68f" executionId="41862331-4e88-4331-b293-24da66b368d3" testListId="8c84fa94-04c1-424b-9868-57a2d4851a1d" />
    <TestEntry testId="0b43ead2-ac93-599d-e4c0-ab88589fe325" executionId="8651bcd2-332c-406b-b057-80774eb553bd" testListId="8c84fa94-04c1-424b-9868-57a2d4851a1d" />
    <TestEntry testId="c54a5d7e-8579-3130-27c6-8ac841679122" executionId="881e6c72-70da-4a0d-9aed-222d594b6d0c" testListId="8c84fa94-04c1-424b-9868-57a2d4851a1d" />
    <TestEntry testId="da8df3cd-f6de-edb4-2572-8c78b1177a52" executionId="45ac2d3a-7e05-4632-93ab-da8dd0bc89db" testListId="8c84fa94-04c1-424b-9868-57a2d4851a1d" />
    <TestEntry testId="d4794b06-b50c-49aa-cb81-e1345d61f66e" executionId="c77d716f-0aa1-4af0-9d71-3a78321dca70" testListId="8c84fa94-04c1-424b-9868-57a2d4851a1d" />
    <TestEntry testId="7d465f38-4679-78e8-09cc-a4aaf4ebb6d3" executionId="a8871063-0704-43b6-9c15-8c70ae364304" testListId="8c84fa94-04c1-424b-9868-57a2d4851a1d" />
    <TestEntry testId="d2cda023-3625-cf8c-76c5-3acb0abd879b" executionId="b5d0886f-f5ce-4248-9c8a-6a72b76cce95" testListId="8c84fa94-04c1-424b-9868-57a2d4851a1d" />
    <TestEntry testId="f4a83e60-dc4e-3ea6-8cb8-f588392d7341" executionId="1f6c93be-ec3d-4759-bbc6-c3a7564708c6" testListId="8c84fa94-04c1-424b-9868-57a2d4851a1d" />
    <TestEntry testId="12d2101f-f673-58b8-bfc0-1a74e5cdc606" executionId="5d4a4dc8-d86c-4172-8d6a-3c1be381f20c" testListId="8c84fa94-04c1-424b-9868-57a2d4851a1d" />
    <TestEntry testId="2e35d9e2-6887-be96-b9f5-88bf97a20567" executionId="62c22771-6f0a-4bba-91fb-b6cdc7715bc0" testListId="8c84fa94-04c1-424b-9868-57a2d4851a1d" />
    <TestEntry testId="d78f1358-1e42-7f9e-80f9-5837668eb4ee" executionId="e50dc7d1-fdbc-448f-b16f-4766ef0939a1" testListId="8c84fa94-04c1-424b-9868-57a2d4851a1d" />
    <TestEntry testId="c493b1a5-6e1c-874f-95a3-6df7dadedb48" executionId="0eebb35f-e7df-414f-a2e4-b96d8c4ce228" testListId="8c84fa94-04c1-424b-9868-57a2d4851a1d" />
    <TestEntry testId="c4024a92-da59-5647-5205-da83d14ae837" executionId="b5d23573-447b-41e5-a9e3-b92256fee2c2" testListId="8c84fa94-04c1-424b-9868-57a2d4851a1d" />
    <TestEntry testId="58799b23-ae6c-f218-bd8d-323fc7e1549e" executionId="8e99d72f-ed50-4e1a-a8fd-55f3847e2a6e" testListId="8c84fa94-04c1-424b-9868-57a2d4851a1d" />
    <TestEntry testId="7c54d31c-7395-0dab-e62c-4d1a874eb088" executionId="e4a42b59-0a68-43bc-9517-6a87a2f232f3" testListId="8c84fa94-04c1-424b-9868-57a2d4851a1d" />
    <TestEntry testId="ef39488d-5eb7-08cf-5813-687736568047" executionId="d4258a3a-39b8-45fc-8608-2bfd4ce540e5" testListId="8c84fa94-04c1-424b-9868-57a2d4851a1d" />
    <TestEntry testId="bb0fb5a6-9f3a-9c94-5a74-2e44f8255945" executionId="a2b0d2fb-afdb-499e-92de-c8c60278736e" testListId="8c84fa94-04c1-424b-9868-57a2d4851a1d" />
    <TestEntry testId="2f7c96d4-71f8-0c3d-803b-a4276bd4aeea" executionId="3960105f-41dd-4b23-97fc-fd13d7e8a586" testListId="8c84fa94-04c1-424b-9868-57a2d4851a1d" />
    <TestEntry testId="e0e35947-4241-b528-ff21-a31a4f32c36d" executionId="39ed3f9c-07ad-4827-9bdb-8f77393a85ba" testListId="8c84fa94-04c1-424b-9868-57a2d4851a1d" />
    <TestEntry testId="a47554f6-0b21-08f9-9fdc-7631fb6deeff" executionId="edd0dc39-2f6f-4266-8cf0-73ee7854398e" testListId="8c84fa94-04c1-424b-9868-57a2d4851a1d" />
    <TestEntry testId="846c11a6-dd75-10da-f643-d2b135bc0521" executionId="da536de0-b593-41cb-bdf2-707ad8ae9c21" testListId="8c84fa94-04c1-424b-9868-57a2d4851a1d" />
    <TestEntry testId="42d00c28-50d0-0680-d74d-7d94856b2ab3" executionId="ada87835-af21-4daf-b84a-a17d9955611c" testListId="8c84fa94-04c1-424b-9868-57a2d4851a1d" />
    <TestEntry testId="7a91d411-50dd-5e37-4ff6-ef81346deb2f" executionId="1d71b5e2-61fd-46fa-b572-1cca19288765" testListId="8c84fa94-04c1-424b-9868-57a2d4851a1d" />
    <TestEntry testId="e423ba28-b30c-b7df-ac16-1f0246f6f027" executionId="1792d5f1-3957-49b8-bb78-f83e24583592" testListId="8c84fa94-04c1-424b-9868-57a2d4851a1d" />
    <TestEntry testId="d5ec89f4-5ad7-f9f1-0494-03d7ac3e0915" executionId="6d31d00b-9446-4d5f-b106-95f96a1d334c" testListId="8c84fa94-04c1-424b-9868-57a2d4851a1d" />
    <TestEntry testId="87824683-be24-d98c-d72e-a28108c0dc97" executionId="2661e6c6-c974-40fc-8e8f-2b227dd73ed3" testListId="8c84fa94-04c1-424b-9868-57a2d4851a1d" />
    <TestEntry testId="c3768c41-ea16-5182-66ae-e2e375e16902" executionId="0a6c0f08-b714-4d63-bc4a-7554e3cf3219" testListId="8c84fa94-04c1-424b-9868-57a2d4851a1d" />
    <TestEntry testId="6b92cd41-b7d2-4845-7a42-4a56b5444e1f" executionId="714ae1ab-31f4-44a4-964b-330bac2ee2d8" testListId="8c84fa94-04c1-424b-9868-57a2d4851a1d" />
    <TestEntry testId="3e483da6-52ab-0f73-2a7d-d4b4b957441e" executionId="3bf945c9-c8a7-44f8-984e-ba036901177b" testListId="8c84fa94-04c1-424b-9868-57a2d4851a1d" />
    <TestEntry testId="cc339ac2-8770-0b73-7a24-45c6a27ce8e4" executionId="237f1c36-8d98-45e4-8db8-69ba0a50e159" testListId="8c84fa94-04c1-424b-9868-57a2d4851a1d" />
    <TestEntry testId="5d05e72f-4f7e-a8e6-3f82-89b1f36a6e37" executionId="048121ab-5757-4e81-9d5f-7e85aee8eb05" testListId="8c84fa94-04c1-424b-9868-57a2d4851a1d" />
    <TestEntry testId="5fdc3a2c-2199-d8f1-7a13-bcc0aeaca2ec" executionId="6e8449d2-2cde-405b-a008-36575baf95eb" testListId="8c84fa94-04c1-424b-9868-57a2d4851a1d" />
    <TestEntry testId="43b5e6b2-a446-1875-26cb-c359e01d0fed" executionId="1bd83f29-2b9c-43d0-b705-059222d25066" testListId="8c84fa94-04c1-424b-9868-57a2d4851a1d" />
    <TestEntry testId="ce96c265-510e-0d3a-26e5-2710b3200320" executionId="fedc404a-9852-4b61-9a41-6926965d5b6a" testListId="8c84fa94-04c1-424b-9868-57a2d4851a1d" />
    <TestEntry testId="f74be516-0ea5-932d-6ef8-988681f41a45" executionId="7c237e93-6619-425e-ba50-ccf3471a80c8" testListId="8c84fa94-04c1-424b-9868-57a2d4851a1d" />
    <TestEntry testId="3b0c4f6a-8fe9-df6e-bfe3-c314c45f1f41" executionId="d6c93978-49bd-4502-a813-67bd8c61dff9" testListId="8c84fa94-04c1-424b-9868-57a2d4851a1d" />
    <TestEntry testId="b88b4b87-0f4c-1293-6f8d-641a4b776917" executionId="e4161ab8-b841-4ee3-81ba-c5115a7bb036" testListId="8c84fa94-04c1-424b-9868-57a2d4851a1d" />
    <TestEntry testId="d92ea4be-c827-8327-07d0-e28e623dc124" executionId="809c53ee-c888-4fd9-85fe-ba3a9b77a72d" testListId="8c84fa94-04c1-424b-9868-57a2d4851a1d" />
  </TestEntries>
  <TestLists>
    <TestList name="Results Not in a List" id="8c84fa94-04c1-424b-9868-57a2d4851a1d" />
    <TestList name="All Loaded Results" id="19431567-8539-422a-85d7-44ee4e166bda" />
  </TestLists>
  <ResultSummary outcome="Completed">
    <Counters total="129" executed="129" passed="129" failed="0" error="0" timeout="0" aborted="0" inconclusive="0" passedButRunAborted="0" notRunnable="0" notExecuted="0" disconnected="0" warning="0" completed="0" inProgress="0" pending="0" />
    <Output>
      <StdOut>[xUnit.net 00:00:00.00] xUnit.net VSTest Adapter v2.5.3.1+6b60a9e56a (64-bit .NET 8.0.19)&#xD;
[xUnit.net 00:00:01.59]   Discovering: Zeus.People.Domain.Tests&#xD;
[xUnit.net 00:00:01.65]   Discovered:  Zeus.People.Domain.Tests&#xD;
[xUnit.net 00:00:01.66]   Starting:    Zeus.People.Domain.Tests&#xD;
[xUnit.net 00:00:02.30]   Finished:    Zeus.People.Domain.Tests&#xD;
</StdOut>
    </Output>
  </ResultSummary>
</TestRun>